[2025-05-12T16:01:53.622] [DEBUG] debug-file - env: nodejsVersion=v18.20.1
[2025-05-12T16:01:54.120] [DEBUG] debug-file - Hvigor init with startParameters:{
  hvigorfileTypeCheck: false,
  parallelExecution: true,
  incrementalExecution: true,
  printStackTrace: false,
  daemon: false,
  analyze: 0,
  logLevel: Level { level: 20000, levelStr: 'INFO', colour: 'green' }
}
[2025-05-12T16:01:54.138] [DEBUG] debug-file - hvigorfile, resolving D:\git_developmentPractice\DevelopmentPractice\ImageWhiteLumpSolution\PreHttpRequestUseFiles\hvigorfile.ts
[2025-05-12T16:01:55.653] [DEBUG] debug-file - hvigorfile, require result:  { default: { system: [Function: appTasks], plugins: [] } }
[2025-05-12T16:01:55.857] [DEBUG] debug-file - Start initialize project's product build option map with build mode debug.
[2025-05-12T16:01:55.862] [DEBUG] debug-file - Product 'default' using build option: {
  "debuggable": true
} in this build.
[2025-05-12T16:01:55.887] [DEBUG] debug-file - Local scan or download hmscore sdk components toolchains,ets,native
[2025-05-12T16:01:55.883] [DEBUG] debug-file - Local scan or download HarmonyOS sdk components toolchains,ets,js,native,previewer
[2025-05-12T16:01:55.896] [DEBUG] debug-file - Start recording SDK configuration permission data.
[2025-05-12T16:01:55.929] [DEBUG] debug-file - Sdk init in 50 ms 
[2025-05-12T16:01:55.956] [DEBUG] debug-file - Project task initialization takes 25 ms 
[2025-05-12T16:01:55.965] [DEBUG] debug-file - hvigorfile, resolving D:\git_developmentPractice\DevelopmentPractice\ImageWhiteLumpSolution\PreHttpRequestUseFiles\entry\hvigorfile.ts
[2025-05-12T16:01:55.995] [DEBUG] debug-file - Start initialize module-target build option map, moduleName=entry, buildMode=debug
[2025-05-12T16:01:56.004] [DEBUG] debug-file - Module entry task initialization takes 6 ms 
[2025-05-12T16:01:56.007] [DEBUG] debug-file - project has submodules:entry
[2025-05-12T16:01:56.049] [DEBUG] debug-file - Configuration task cost before running: 1 s 945 ms 
[2025-05-12T16:01:56.052] [DEBUG] debug-file - Executing task :entry:clean
[2025-05-12T16:01:56.055] [DEBUG] debug-file - entry : clean cost memory 0.25336456298828125
[2025-05-12T16:01:56.072] [DEBUG] debug-file - Module 'entry' target 'default' using build option: {
  "debuggable": true,
  "copyFrom": "default",
  "name": "debug"
} in this build.
[2025-05-12T16:01:53.624] [DEBUG] debug-file - env: hvigor-config.json5 content = {
  modelVersion: '5.0.0',
  dependencies: {},
  execution: {},
  logging: {},
  debugging: {},
  nodeOptions: {}
}
[2025-05-12T16:01:54.122] [DEBUG] debug-file - Since current hvigor version 5.16.2 differs from last hvigor version 
      undefined, delete file-cache.json and task-cache.json.
[2025-05-12T16:01:55.654] [DEBUG] debug-file - hvigorfile, binding system plugins [Function: appTasks]
[2025-05-12T16:01:55.857] [DEBUG] debug-file - Picking option from product 'default' with build mode 'debug'.
[2025-05-12T16:01:55.863] [DEBUG] debug-file - not found resModel json file in : D:\git_developmentPractice\DevelopmentPractice\ImageWhiteLumpSolution\PreHttpRequestUseFiles\entry\src\ohosTest\module.json5
[2025-05-12T16:01:55.956] [DEBUG] debug-file - hvigorfile, binding custom plugins []
[2025-05-12T16:01:55.977] [DEBUG] debug-file - hvigorfile, require result:  { default: { system: [Function: hapTasks], plugins: [] } }
[2025-05-12T16:01:55.995] [DEBUG] debug-file - Target 'default' config: {}
[2025-05-12T16:01:56.004] [DEBUG] debug-file - hvigorfile, binding custom plugins []
[2025-05-12T16:01:56.009] [DEBUG] debug-file - start to load updatedOhPackageInfo to the disk
[2025-05-12T16:01:56.052] [DEBUG] debug-file - clean: Worker pool is inactive.
[2025-05-12T16:01:56.055] [DEBUG] debug-file - runTaskFromQueue task cost before running: 1 s 951 ms 
[2025-05-12T16:01:56.076] [DEBUG] debug-file - Module 'entry' target 'ohosTest' using build option: {
  "debuggable": true,
  "name": "default"
} in this build.
[2025-05-12T16:01:56.095] [DEBUG] debug-file - Create  resident worker with id: 0.
[2025-05-12T16:01:53.626] [DEBUG] debug-file - env: daemon=false
[2025-05-12T16:01:54.122] [DEBUG] debug-file - Cache service initialization finished in 2 ms 
[2025-05-12T16:01:55.858] [DEBUG] debug-file - Product 'default' build option: {}
[2025-05-12T16:01:55.871] [DEBUG] debug-file - No signingConfig found, initRemoteHspCache failed.
[2025-05-12T16:01:55.956] [DEBUG] debug-file - hvigorfile, no custom plugins were found in D:\git_developmentPractice\DevelopmentPractice\ImageWhiteLumpSolution\PreHttpRequestUseFiles\hvigorfile.ts
[2025-05-12T16:01:55.978] [DEBUG] debug-file - hvigorfile, binding system plugins [Function: hapTasks]
[2025-05-12T16:01:55.995] [DEBUG] debug-file - Target 'ohosTest' config: {}
[2025-05-12T16:01:56.004] [DEBUG] debug-file - hvigorfile, no custom plugins were found in D:\git_developmentPractice\DevelopmentPractice\ImageWhiteLumpSolution\PreHttpRequestUseFiles\entry\hvigorfile.ts
[2025-05-12T16:01:56.013] [DEBUG] debug-file - load to the disk finished
[2025-05-12T16:01:56.057] [INFO] debug-file - Finished :entry:clean... after 4 ms 
[2025-05-12T16:01:56.093] [DEBUG] debug-file - Since there is no instance or instance is terminated, create a new worker pool.
[2025-05-12T16:01:56.098] [DEBUG] debug-file - Create  resident worker with id: 1.
[2025-05-12T16:01:53.626] [DEBUG] debug-file - no-daemon, use the parent process.execArgv --max-old-space-size=8192,--expose-gc
[2025-05-12T16:01:55.858] [DEBUG] debug-file - End initialize project's product build option map with build mode 'debug'.
[2025-05-12T16:01:55.956] [DEBUG] debug-file - hvigorfile, resolve finished D:\git_developmentPractice\DevelopmentPractice\ImageWhiteLumpSolution\PreHttpRequestUseFiles\hvigorfile.ts
[2025-05-12T16:01:55.996] [DEBUG] debug-file - Module 'entry' target 'default' build option: {
  "debuggable": true,
  "copyFrom": "default",
  "name": "debug"
}
[2025-05-12T16:01:56.004] [DEBUG] debug-file - hvigorfile, resolve finished D:\git_developmentPractice\DevelopmentPractice\ImageWhiteLumpSolution\PreHttpRequestUseFiles\entry\hvigorfile.ts
[2025-05-12T16:01:56.014] [DEBUG] debug-file - Start to initialize dependency information.
[2025-05-12T16:01:56.057] [DEBUG] debug-file - Executing task ::clean
[2025-05-12T16:01:56.093] [DEBUG] debug-file - Worker pool is initialized with config:  {
  minPoolNum: 2,
  maxPoolNum: undefined,
  maxCoreSize: undefined,
  cacheCapacity: undefined,
  cacheTtl: undefined
}
[2025-05-12T16:01:56.100] [DEBUG] debug-file - Current worker pool is stopped or closed.
[2025-05-12T16:01:55.996] [DEBUG] debug-file - Module 'entry' target 'ohosTest' build option: {
  "debuggable": true,
  "name": "default"
}
[2025-05-12T16:01:56.037] [DEBUG] debug-file - Module PreHttpRequestUseFiles Collected Dependency: 
[2025-05-12T16:01:56.057] [DEBUG] debug-file - clean: Worker pool is inactive.
[2025-05-12T16:01:56.100] [DEBUG] debug-file - Clear worker 0.
[2025-05-12T16:01:55.996] [DEBUG] debug-file - End initialize module-target build option map, moduleName=entry
[2025-05-12T16:01:56.037] [DEBUG] debug-file - Module PreHttpRequestUseFiles's total dependency: 0
[2025-05-12T16:01:56.057] [DEBUG] debug-file - PreHttpRequestUseFiles : clean cost memory 0.03292083740234375
[2025-05-12T16:01:56.100] [DEBUG] debug-file - Worker 0 has been cleared.
[2025-05-12T16:01:55.996] [DEBUG] debug-file - Module 'entry' target 'default' using build option: {
  "debuggable": true,
  "copyFrom": "default",
  "name": "debug"
} in this build.
[2025-05-12T16:01:56.038] [DEBUG] debug-file - Start to initialize dependency information.
[2025-05-12T16:01:56.057] [DEBUG] debug-file - runTaskFromQueue task cost before running: 1 s 953 ms 
[2025-05-12T16:01:56.100] [DEBUG] debug-file - Current idle worker size: 1.
[2025-05-12T16:01:56.040] [DEBUG] debug-file - Module entry Collected Dependency: 
[2025-05-12T16:01:56.058] [INFO] debug-file - Finished ::clean... after 1 ms 
[2025-05-12T16:01:56.100] [DEBUG] debug-file - Current busy worker size: 0.
[2025-05-12T16:01:56.040] [DEBUG] debug-file - Module entry's total dependency: 0
[2025-05-12T16:01:56.058] [DEBUG] debug-file - Executing task :entry:init
[2025-05-12T16:01:56.100] [DEBUG] debug-file - Clear worker 1.
[2025-05-12T16:01:56.045] [DEBUG] debug-file - Configuration phase cost:1 s 917 ms 
[2025-05-12T16:01:56.058] [DEBUG] debug-file - entry : init cost memory 0.01021575927734375
[2025-05-12T16:01:56.100] [DEBUG] debug-file - Worker 1 has been cleared.
[2025-05-12T16:01:56.058] [DEBUG] debug-file - runTaskFromQueue task cost before running: 1 s 954 ms 
[2025-05-12T16:01:56.100] [DEBUG] debug-file - Current idle worker size: 0.
[2025-05-12T16:01:56.058] [INFO] debug-file - Finished :entry:init... after 1 ms 
[2025-05-12T16:01:56.100] [DEBUG] debug-file - Current busy worker size: 0.
[2025-05-12T16:01:56.058] [DEBUG] debug-file - Executing task ::init
[2025-05-12T16:01:56.101] [DEBUG] debug-file - hvigor build process will be closed.
[2025-05-12T16:01:56.058] [DEBUG] debug-file - PreHttpRequestUseFiles : init cost memory 0.00899505615234375
[2025-05-12T16:01:56.107] [DEBUG] debug-file - worker[0] exits with exit code 0.
[2025-05-12T16:01:56.059] [DEBUG] debug-file - runTaskFromQueue task cost before running: 1 s 955 ms 
[2025-05-12T16:01:56.107] [DEBUG] debug-file - worker[1] exits with exit code 0.
[2025-05-12T16:01:56.059] [INFO] debug-file - Finished ::init... after 1 ms 
[2025-05-12T16:01:56.108] [DEBUG] debug-file - Current worker pool is terminated.
[2025-05-16T14:16:03.779] [DEBUG] debug-file - env: nodejsVersion=v18.20.1
[2025-05-16T14:16:03.923] [DEBUG] debug-file - env: daemon=true
[2025-05-16T14:16:03.781] [DEBUG] debug-file - env: hvigor-config.json5 content = {
  modelVersion: '5.0.0',
  dependencies: {},
  execution: {},
  logging: {},
  debugging: {},
  nodeOptions: {}
}
[2025-05-16T14:16:05.513] [DEBUG] debug-file - java daemon tryConnect failed Error: connect ECONNREFUSED 127.0.0.1:45050
[2025-05-16T14:16:05.517] [DEBUG] debug-file - java daemon started at port 45050 pid 18104
[2025-05-16T14:16:05.561] [DEBUG] debug-file - session manager: set active socket. socketId=zWMoopzkNRXGtUJkAAAB
[2025-05-16T14:16:06.136] [DEBUG] debug-file - watch worker: worker id should be larger than 0. Nothing will be sent to any worker thread.
[2025-05-16T14:16:06.154] [DEBUG] debug-file - Hvigor init with startParameters:{
  hvigorfileTypeCheck: false,
  parallelExecution: true,
  incrementalExecution: true,
  printStackTrace: false,
  daemon: true,
  analyze: 0,
  logLevel: Level { level: 20000, levelStr: 'INFO', colour: 'green' }
}
[2025-05-16T14:16:06.156] [DEBUG] debug-file - Cache service initialization finished in 2 ms 
[2025-05-16T14:16:06.167] [DEBUG] debug-file - hvigorfile, resolving D:\git_developmentPractice\BestPracticeSnippets\ImageWhiteLumpSolution\PreHttpRequestUseFiles\hvigorfile.ts
[2025-05-16T14:16:07.536] [DEBUG] debug-file - hvigorfile, require result:  { default: { plugins: [] } }
[2025-05-16T14:16:07.537] [DEBUG] debug-file - hvigorfile, binding system plugins null
[2025-05-16T14:16:07.730] [DEBUG] debug-file - Start initialize project's product build option map with build mode debug.
[2025-05-16T14:16:07.730] [DEBUG] debug-file - Picking option from product 'default' with build mode 'debug'.
[2025-05-16T14:16:07.730] [DEBUG] debug-file - Product 'default' build option: {}
[2025-05-16T14:16:07.730] [DEBUG] debug-file - End initialize project's product build option map with build mode 'debug'.
[2025-05-16T14:16:07.733] [DEBUG] debug-file - Product 'default' using build option: {
  "debuggable": true
} in this build.
[2025-05-16T14:16:07.735] [DEBUG] debug-file - not found resModel json file in : D:\git_developmentPractice\BestPracticeSnippets\ImageWhiteLumpSolution\PreHttpRequestUseFiles\entry\src\ohosTest\module.json5
[2025-05-16T14:16:07.742] [DEBUG] debug-file - No signingConfig found, initRemoteHspCache failed.
[2025-05-16T14:16:07.746] [DEBUG] debug-file - Local scan or download HarmonyOS sdk components toolchains,ets,js,native,previewer
[2025-05-16T14:16:07.749] [DEBUG] debug-file - Local scan or download hmscore sdk components toolchains,ets,native
[2025-05-16T14:16:07.755] [DEBUG] debug-file - Start recording SDK configuration permission data.
[2025-05-16T14:16:07.785] [DEBUG] debug-file - Sdk init in 42 ms 
[2025-05-16T14:16:07.805] [DEBUG] debug-file - Project task initialization takes 18 ms 
[2025-05-16T14:16:07.805] [DEBUG] debug-file - hvigorfile, binding custom plugins []
[2025-05-16T14:16:07.805] [DEBUG] debug-file - hvigorfile, no custom plugins were found in D:\git_developmentPractice\BestPracticeSnippets\ImageWhiteLumpSolution\PreHttpRequestUseFiles\hvigorfile.ts
[2025-05-16T14:16:07.805] [DEBUG] debug-file - hvigorfile, resolve finished D:\git_developmentPractice\BestPracticeSnippets\ImageWhiteLumpSolution\PreHttpRequestUseFiles\hvigorfile.ts
[2025-05-16T14:16:07.811] [DEBUG] debug-file - hvigorfile, resolving D:\git_developmentPractice\BestPracticeSnippets\ImageWhiteLumpSolution\PreHttpRequestUseFiles\entry\hvigorfile.ts
[2025-05-16T14:16:07.816] [DEBUG] debug-file - hvigorfile, require result:  { default: { plugins: [] } }
[2025-05-16T14:16:07.816] [DEBUG] debug-file - hvigorfile, binding system plugins null
[2025-05-16T14:16:07.829] [DEBUG] debug-file - Start initialize module-target build option map, moduleName=entry, buildMode=debug
[2025-05-16T14:16:07.829] [DEBUG] debug-file - Target 'default' config: {}
[2025-05-16T14:16:07.829] [DEBUG] debug-file - Target 'ohosTest' config: {}
[2025-05-16T14:16:07.830] [DEBUG] debug-file - Module 'entry' target 'default' build option: {
  "debuggable": true,
  "copyFrom": "default",
  "name": "debug"
}
[2025-05-16T14:16:07.830] [DEBUG] debug-file - Module 'entry' target 'ohosTest' build option: {
  "debuggable": true,
  "name": "default"
}
[2025-05-16T14:16:07.830] [DEBUG] debug-file - End initialize module-target build option map, moduleName=entry
[2025-05-16T14:16:07.830] [DEBUG] debug-file - Module 'entry' target 'default' using build option: {
  "debuggable": true,
  "copyFrom": "default",
  "name": "debug"
} in this build.
[2025-05-16T14:16:07.837] [DEBUG] debug-file - Module entry task initialization takes 5 ms 
[2025-05-16T14:16:07.837] [DEBUG] debug-file - hvigorfile, binding custom plugins []
[2025-05-16T14:16:07.837] [DEBUG] debug-file - hvigorfile, no custom plugins were found in D:\git_developmentPractice\BestPracticeSnippets\ImageWhiteLumpSolution\PreHttpRequestUseFiles\entry\hvigorfile.ts
[2025-05-16T14:16:07.837] [DEBUG] debug-file - hvigorfile, resolve finished D:\git_developmentPractice\BestPracticeSnippets\ImageWhiteLumpSolution\PreHttpRequestUseFiles\entry\hvigorfile.ts
[2025-05-16T14:16:07.860] [DEBUG] debug-file - hvigorfile, resolve hvigorfile dependencies in 22 ms 
[2025-05-16T14:16:07.861] [DEBUG] debug-file - project has submodules:entry
[2025-05-16T14:16:07.863] [DEBUG] debug-file - start to load updatedOhPackageInfo to the disk
[2025-05-16T14:16:07.868] [DEBUG] debug-file - load to the disk finished
[2025-05-16T14:16:07.869] [DEBUG] debug-file - Start to initialize dependency information.
[2025-05-16T14:16:07.876] [DEBUG] debug-file - Module PreHttpRequestUseFiles Collected Dependency: 
[2025-05-16T14:16:07.877] [DEBUG] debug-file - Module PreHttpRequestUseFiles's total dependency: 0
[2025-05-16T14:16:07.878] [DEBUG] debug-file - Start to initialize dependency information.
[2025-05-16T14:16:07.880] [DEBUG] debug-file - Module entry Collected Dependency: 
[2025-05-16T14:16:07.880] [DEBUG] debug-file - Module entry's total dependency: 0
[2025-05-16T14:16:07.885] [DEBUG] debug-file - Configuration phase cost:1 s 725 ms 
[2025-05-16T14:16:07.888] [DEBUG] debug-file - Configuration task cost before running: 1 s 748 ms 
[2025-05-16T14:16:07.889] [DEBUG] debug-file - Executing task :entry:init
[2025-05-16T14:16:07.889] [DEBUG] debug-file - entry : init cost memory 0.01548004150390625
[2025-05-16T14:16:07.889] [DEBUG] debug-file - runTaskFromQueue task cost before running: 1 s 749 ms 
[2025-05-16T14:16:07.890] [INFO] debug-file - Finished :entry:init... after 1 ms 
[2025-05-16T14:16:07.890] [DEBUG] debug-file - Executing task ::init
[2025-05-16T14:16:07.890] [DEBUG] debug-file - PreHttpRequestUseFiles : init cost memory 0.01280975341796875
[2025-05-16T14:16:07.890] [DEBUG] debug-file - runTaskFromQueue task cost before running: 1 s 750 ms 
[2025-05-16T14:16:07.890] [INFO] debug-file - Finished ::init... after 1 ms 
[2025-05-16T14:16:07.902] [DEBUG] debug-file - Module 'entry' target 'default' using build option: {
  "debuggable": true,
  "copyFrom": "default",
  "name": "debug"
} in this build.
[2025-05-16T14:16:07.906] [DEBUG] debug-file - Module 'entry' target 'ohosTest' using build option: {
  "debuggable": true,
  "name": "default"
} in this build.
[2025-05-16T14:16:07.913] [DEBUG] debug-file - Since there is no instance or instance is terminated, create a new worker pool.
[2025-05-16T14:16:07.914] [DEBUG] debug-file - session manager: send message to worker process.
[2025-05-16T14:16:07.914] [DEBUG] debug-file - session manager: send message to worker process.
[2025-05-16T14:16:07.913] [DEBUG] debug-file - Worker pool is initialized with config:  {
  minPoolNum: 2,
  maxPoolNum: undefined,
  maxCoreSize: undefined,
  cacheCapacity: undefined,
  cacheTtl: undefined
}
[2025-05-16T14:16:07.914] [DEBUG] debug-file - Create  resident worker with id: 0.
[2025-05-16T14:16:07.917] [DEBUG] debug-file - Create  resident worker with id: 1.
[2025-05-16T14:16:07.919] [DEBUG] debug-file - Cleanup worker 0.
[2025-05-16T14:16:07.920] [DEBUG] debug-file - Worker 0 has been cleaned up.
[2025-05-16T14:16:07.920] [DEBUG] debug-file - Current idle worker size: 1.
[2025-05-16T14:16:07.920] [DEBUG] debug-file - Current resident worker size: 2.
[2025-05-16T14:16:07.920] [DEBUG] debug-file - Cleanup worker 1.
[2025-05-16T14:16:07.920] [DEBUG] debug-file - Worker 1 has been cleaned up.
[2025-05-16T14:16:07.920] [DEBUG] debug-file - Current idle worker size: 0.
[2025-05-16T14:16:07.920] [DEBUG] debug-file - Current resident worker size: 2.
[2025-05-16T14:16:07.921] [DEBUG] debug-file - hvigor build process will be closed.
[2025-05-16T14:16:07.923] [DEBUG] debug-file - watch worker: worker id should be larger than 0. Nothing will be sent to any worker thread.
[2025-05-16T14:16:07.923] [DEBUG] debug-file - watch worker: worker id should be larger than 0. Nothing will be sent to any worker thread.
[2025-05-16T14:16:07.927] [DEBUG] debug-file - worker[0] exits with exit code 0.
[2025-05-16T14:16:07.931] [DEBUG] debug-file - worker[1] exits with exit code 0.
