[2025-05-14T16:13:04.891] [DEBUG] debug-file - env: nodejsVersion=v18.20.1
[2025-05-14T16:13:05.424] [DEBUG] debug-file - Hvigor init with startParameters:{
  hvigorfileTypeCheck: false,
  parallelExecution: true,
  incrementalExecution: true,
  printStackTrace: false,
  daemon: false,
  analyze: 0,
  logLevel: Level { level: 20000, levelStr: 'INFO', colour: 'green' }
}
[2025-05-14T16:13:05.447] [DEBUG] debug-file - hvigorfile, resolving C:\Users\fy\Desktop\noproject\BestPracticeSnippets\CanvasDraw\hvigorfile.ts
[2025-05-14T16:13:07.345] [DEBUG] debug-file - hvigorfile, require result:  { default: { system: [Function: appTasks], plugins: [] } }
[2025-05-14T16:13:07.655] [DEBUG] debug-file - Start initialize project's product build option map with build mode debug.
[2025-05-14T16:13:07.661] [DEBUG] debug-file - Product 'default' using build option: {
  "debuggable": true
} in this build.
[2025-05-14T16:13:07.681] [DEBUG] debug-file - Local scan or download hmscore sdk components toolchains,ets,native
[2025-05-14T16:13:07.676] [DEBUG] debug-file - Local scan or download HarmonyOS sdk components toolchains,ets,js,native,previewer
[2025-05-14T16:13:07.692] [DEBUG] debug-file - Start recording SDK configuration permission data.
[2025-05-14T16:13:07.731] [DEBUG] debug-file - Sdk init in 60 ms 
[2025-05-14T16:13:07.765] [DEBUG] debug-file - Project task initialization takes 33 ms 
[2025-05-14T16:13:07.778] [DEBUG] debug-file - hvigorfile, resolving C:\Users\fy\Desktop\noproject\BestPracticeSnippets\CanvasDraw\entry\hvigorfile.ts
[2025-05-14T16:13:07.803] [DEBUG] debug-file - Start initialize module-target build option map, moduleName=entry, buildMode=debug
[2025-05-14T16:13:07.815] [DEBUG] debug-file - Module entry task initialization takes 5 ms 
[2025-05-14T16:13:07.818] [DEBUG] debug-file - project has submodules:entry
[2025-05-14T16:13:07.844] [DEBUG] debug-file - Configuration task cost before running: 2 s 440 ms 
[2025-05-14T16:13:07.850] [DEBUG] debug-file - Executing task :entry:clean
[2025-05-14T16:13:07.855] [DEBUG] debug-file - entry : clean cost memory 0.25634765625
[2025-05-14T16:13:07.883] [DEBUG] debug-file - Module 'entry' target 'default' using build option: {
  "debuggable": true,
  "copyFrom": "default",
  "name": "debug"
} in this build.
[2025-05-14T16:13:04.893] [DEBUG] debug-file - env: hvigor-config.json5 content = {
  modelVersion: '5.0.0',
  dependencies: {},
  execution: {},
  logging: {},
  debugging: {},
  nodeOptions: {}
}
[2025-05-14T16:13:05.426] [DEBUG] debug-file - Since current hvigor version 5.16.2 differs from last hvigor version 
      undefined, delete file-cache.json and task-cache.json.
[2025-05-14T16:13:07.909] [DEBUG] debug-file - Create  resident worker with id: 0.
[2025-05-14T16:13:07.346] [DEBUG] debug-file - hvigorfile, binding system plugins [Function: appTasks]
[2025-05-14T16:13:07.655] [DEBUG] debug-file - Picking option from product 'default' with build mode 'debug'.
[2025-05-14T16:13:07.662] [DEBUG] debug-file - not found resModel json file in : C:\Users\fy\Desktop\noproject\BestPracticeSnippets\CanvasDraw\entry\src\ohosTest\module.json5
[2025-05-14T16:13:07.766] [DEBUG] debug-file - hvigorfile, binding custom plugins []
[2025-05-14T16:13:07.785] [DEBUG] debug-file - hvigorfile, require result:  { default: { system: [Function: hapTasks], plugins: [] } }
[2025-05-14T16:13:07.804] [DEBUG] debug-file - Target 'default' config: {}
[2025-05-14T16:13:07.815] [DEBUG] debug-file - hvigorfile, binding custom plugins []
[2025-05-14T16:13:07.820] [DEBUG] debug-file - start to load updatedOhPackageInfo to the disk
[2025-05-14T16:13:07.851] [DEBUG] debug-file - clean: Worker pool is inactive.
[2025-05-14T16:13:07.856] [DEBUG] debug-file - runTaskFromQueue task cost before running: 2 s 451 ms 
[2025-05-14T16:13:07.888] [DEBUG] debug-file - Module 'entry' target 'ohosTest' using build option: {
  "debuggable": true,
  "name": "default"
} in this build.
[2025-05-14T16:13:04.896] [DEBUG] debug-file - env: daemon=false
[2025-05-14T16:13:05.426] [DEBUG] debug-file - Cache service initialization finished in 2 ms 
[2025-05-14T16:13:07.912] [DEBUG] debug-file - Create  resident worker with id: 1.
[2025-05-14T16:13:07.655] [DEBUG] debug-file - Product 'default' build option: {}
[2025-05-14T16:13:07.670] [DEBUG] debug-file - No signingConfig found, initRemoteHspCache failed.
[2025-05-14T16:13:07.766] [DEBUG] debug-file - hvigorfile, no custom plugins were found in C:\Users\fy\Desktop\noproject\BestPracticeSnippets\CanvasDraw\hvigorfile.ts
[2025-05-14T16:13:07.786] [DEBUG] debug-file - hvigorfile, binding system plugins [Function: hapTasks]
[2025-05-14T16:13:07.804] [DEBUG] debug-file - Target 'ohosTest' config: {}
[2025-05-14T16:13:07.815] [DEBUG] debug-file - hvigorfile, no custom plugins were found in C:\Users\fy\Desktop\noproject\BestPracticeSnippets\CanvasDraw\entry\hvigorfile.ts
[2025-05-14T16:13:07.825] [DEBUG] debug-file - load to the disk finished
[2025-05-14T16:13:07.857] [INFO] debug-file - Finished :entry:clean... after 6 ms 
[2025-05-14T16:13:07.906] [DEBUG] debug-file - Since there is no instance or instance is terminated, create a new worker pool.
[2025-05-14T16:13:04.896] [DEBUG] debug-file - no-daemon, use the parent process.execArgv --max-old-space-size=8192,--expose-gc
[2025-05-14T16:13:07.914] [DEBUG] debug-file - Current worker pool is stopped or closed.
[2025-05-14T16:13:07.655] [DEBUG] debug-file - End initialize project's product build option map with build mode 'debug'.
[2025-05-14T16:13:07.766] [DEBUG] debug-file - hvigorfile, resolve finished C:\Users\fy\Desktop\noproject\BestPracticeSnippets\CanvasDraw\hvigorfile.ts
[2025-05-14T16:13:07.804] [DEBUG] debug-file - Module 'entry' target 'default' build option: {
  "debuggable": true,
  "copyFrom": "default",
  "name": "debug"
}
[2025-05-14T16:13:07.815] [DEBUG] debug-file - hvigorfile, resolve finished C:\Users\fy\Desktop\noproject\BestPracticeSnippets\CanvasDraw\entry\hvigorfile.ts
[2025-05-14T16:13:07.826] [DEBUG] debug-file - Start to initialize dependency information.
[2025-05-14T16:13:07.858] [DEBUG] debug-file - Executing task ::clean
[2025-05-14T16:13:07.906] [DEBUG] debug-file - Worker pool is initialized with config:  {
  minPoolNum: 2,
  maxPoolNum: undefined,
  maxCoreSize: undefined,
  cacheCapacity: undefined,
  cacheTtl: undefined
}
[2025-05-14T16:13:07.914] [DEBUG] debug-file - Clear worker 0.
[2025-05-14T16:13:07.804] [DEBUG] debug-file - Module 'entry' target 'ohosTest' build option: {
  "debuggable": true,
  "name": "default"
}
[2025-05-14T16:13:07.829] [DEBUG] debug-file - Module CanvasDraw Collected Dependency: 
[2025-05-14T16:13:07.858] [DEBUG] debug-file - clean: Worker pool is inactive.
[2025-05-14T16:13:07.914] [DEBUG] debug-file - Worker 0 has been cleared.
[2025-05-14T16:13:07.804] [DEBUG] debug-file - End initialize module-target build option map, moduleName=entry
[2025-05-14T16:13:07.829] [DEBUG] debug-file - Module CanvasDraw's total dependency: 0
[2025-05-14T16:13:07.859] [DEBUG] debug-file - CanvasDraw : clean cost memory 0.03314208984375
[2025-05-14T16:13:07.914] [DEBUG] debug-file - Current idle worker size: 1.
[2025-05-14T16:13:07.805] [DEBUG] debug-file - Module 'entry' target 'default' using build option: {
  "debuggable": true,
  "copyFrom": "default",
  "name": "debug"
} in this build.
[2025-05-14T16:13:07.830] [DEBUG] debug-file - Start to initialize dependency information.
[2025-05-14T16:13:07.859] [DEBUG] debug-file - runTaskFromQueue task cost before running: 2 s 455 ms 
[2025-05-14T16:13:07.914] [DEBUG] debug-file - Current busy worker size: 0.
[2025-05-14T16:13:07.833] [DEBUG] debug-file - Module entry Collected Dependency: 
[2025-05-14T16:13:07.860] [INFO] debug-file - Finished ::clean... after 2 ms 
[2025-05-14T16:13:07.914] [DEBUG] debug-file - Clear worker 1.
[2025-05-14T16:13:07.833] [DEBUG] debug-file - Module entry's total dependency: 0
[2025-05-14T16:13:07.860] [DEBUG] debug-file - Executing task :entry:init
[2025-05-14T16:13:07.914] [DEBUG] debug-file - Worker 1 has been cleared.
[2025-05-14T16:13:07.838] [DEBUG] debug-file - Configuration phase cost:2 s 404 ms 
[2025-05-14T16:13:07.861] [DEBUG] debug-file - entry : init cost memory 0.01019287109375
[2025-05-14T16:13:07.914] [DEBUG] debug-file - Current idle worker size: 0.
[2025-05-14T16:13:07.861] [DEBUG] debug-file - runTaskFromQueue task cost before running: 2 s 457 ms 
[2025-05-14T16:13:07.914] [DEBUG] debug-file - Current busy worker size: 0.
[2025-05-14T16:13:07.861] [INFO] debug-file - Finished :entry:init... after 1 ms 
[2025-05-14T16:13:07.915] [DEBUG] debug-file - hvigor build process will be closed.
[2025-05-14T16:13:07.861] [DEBUG] debug-file - Executing task ::init
[2025-05-14T16:13:07.924] [DEBUG] debug-file - worker[0] exits with exit code 0.
[2025-05-14T16:13:07.862] [DEBUG] debug-file - CanvasDraw : init cost memory 0.00897216796875
[2025-05-14T16:13:07.924] [DEBUG] debug-file - worker[1] exits with exit code 0.
[2025-05-14T16:13:07.862] [DEBUG] debug-file - runTaskFromQueue task cost before running: 2 s 458 ms 
[2025-05-14T16:13:07.925] [DEBUG] debug-file - Current worker pool is terminated.
[2025-05-14T16:13:07.862] [INFO] debug-file - Finished ::init... after 1 ms 
