[2025-05-14T16:09:39.463] [DEBUG] debug-file - env: nodejsVersion=v18.20.1
[2025-05-14T16:09:40.069] [DEBUG] debug-file - Hvigor init with startParameters:{
  hvigorfileTypeCheck: false,
  parallelExecution: true,
  incrementalExecution: true,
  printStackTrace: false,
  daemon: false,
  analyze: 0,
  logLevel: Level { level: 20000, levelStr: 'INFO', colour: 'green' }
}
[2025-05-14T16:09:40.103] [DEBUG] debug-file - hvigorfile, resolving C:\Users\fy\Desktop\noproject\BestPracticeSnippets\animation\hvigorfile.ts
[2025-05-14T16:09:42.422] [DEBUG] debug-file - Start initialize project's product build option map with build mode debug.
[2025-05-14T16:09:42.428] [DEBUG] debug-file - Product 'default' using build option: {
  "debuggable": true,
  "strictMode": {
    "caseSensitiveCheck": true,
    "useNormalizedOHMUrl": true
  }
} in this build.
[2025-05-14T16:09:42.443] [DEBUG] debug-file - Local scan or download HarmonyOS sdk components toolchains,ets,js,native,previewer
[2025-05-14T16:09:42.183] [DEBUG] debug-file - hvigorfile, require result:  { default: { system: [Function: appTasks], plugins: [] } }
[2025-05-14T16:09:42.448] [DEBUG] debug-file - Local scan or download hmscore sdk components toolchains,ets,native
[2025-05-14T16:09:42.459] [DEBUG] debug-file - Start recording SDK configuration permission data.
[2025-05-14T16:09:42.494] [DEBUG] debug-file - Sdk init in 55 ms 
[2025-05-14T16:09:42.539] [DEBUG] debug-file - Project task initialization takes 41 ms 
[2025-05-14T16:09:42.554] [DEBUG] debug-file - hvigorfile, resolving C:\Users\fy\Desktop\noproject\BestPracticeSnippets\animation\entry\hvigorfile.ts
[2025-05-14T16:09:42.588] [DEBUG] debug-file - Start initialize module-target build option map, moduleName=entry, buildMode=debug
[2025-05-14T16:09:42.605] [DEBUG] debug-file - project has submodules:entry
[2025-05-14T16:09:42.633] [DEBUG] debug-file - Configuration task cost before running: 2 s 595 ms 
[2025-05-14T16:09:42.599] [DEBUG] debug-file - Module entry task initialization takes 6 ms 
[2025-05-14T16:09:42.640] [DEBUG] debug-file - Executing task :entry:clean
[2025-05-14T16:09:42.646] [DEBUG] debug-file - entry : clean cost memory 0.25525665283203125
[2025-05-14T16:09:42.676] [DEBUG] debug-file - Module 'entry' target 'default' using build option: {
  "debuggable": true,
  "copyFrom": "default",
  "strictMode": {
    "caseSensitiveCheck": true,
    "useNormalizedOHMUrl": true
  },
  "name": "debug"
} in this build.
[2025-05-14T16:09:39.465] [DEBUG] debug-file - env: hvigor-config.json5 content = {
  modelVersion: '5.0.2',
  dependencies: {},
  execution: {},
  logging: {},
  debugging: {},
  nodeOptions: {}
}
[2025-05-14T16:09:42.706] [DEBUG] debug-file - Create  resident worker with id: 0.
[2025-05-14T16:09:40.072] [DEBUG] debug-file - Since current hvigor version 5.16.2 differs from last hvigor version 
      undefined, delete file-cache.json and task-cache.json.
[2025-05-14T16:09:42.422] [DEBUG] debug-file - Picking option from product 'default' with build mode 'debug'.
[2025-05-14T16:09:42.429] [DEBUG] debug-file - not found resModel json file in : C:\Users\fy\Desktop\noproject\BestPracticeSnippets\animation\entry\src\ohosTest\module.json5
[2025-05-14T16:09:42.184] [DEBUG] debug-file - hvigorfile, binding system plugins [Function: appTasks]
[2025-05-14T16:09:42.539] [DEBUG] debug-file - hvigorfile, binding custom plugins []
[2025-05-14T16:09:42.565] [DEBUG] debug-file - hvigorfile, require result:  { default: { system: [Function: hapTasks], plugins: [] } }
[2025-05-14T16:09:42.588] [DEBUG] debug-file - Target 'default' config: {}
[2025-05-14T16:09:42.606] [DEBUG] debug-file - start to load updatedOhPackageInfo to the disk
[2025-05-14T16:09:42.600] [DEBUG] debug-file - hvigorfile, binding custom plugins []
[2025-05-14T16:09:42.641] [DEBUG] debug-file - clean: Worker pool is inactive.
[2025-05-14T16:09:42.646] [DEBUG] debug-file - runTaskFromQueue task cost before running: 2 s 607 ms 
[2025-05-14T16:09:42.683] [DEBUG] debug-file - Module 'entry' target 'ohosTest' using build option: {
  "debuggable": true,
  "strictMode": {
    "caseSensitiveCheck": true,
    "useNormalizedOHMUrl": true
  },
  "name": "default"
} in this build.
[2025-05-14T16:09:39.467] [DEBUG] debug-file - env: daemon=false
[2025-05-14T16:09:42.708] [DEBUG] debug-file - Create  resident worker with id: 1.
[2025-05-14T16:09:40.073] [DEBUG] debug-file - Cache service initialization finished in 3 ms 
[2025-05-14T16:09:42.423] [DEBUG] debug-file - Product 'default' build option: {}
[2025-05-14T16:09:42.438] [DEBUG] debug-file - No signingConfig found, initRemoteHspCache failed.
[2025-05-14T16:09:42.539] [DEBUG] debug-file - hvigorfile, no custom plugins were found in C:\Users\fy\Desktop\noproject\BestPracticeSnippets\animation\hvigorfile.ts
[2025-05-14T16:09:42.565] [DEBUG] debug-file - hvigorfile, binding system plugins [Function: hapTasks]
[2025-05-14T16:09:42.589] [DEBUG] debug-file - Target 'ohosTest' config: {}
[2025-05-14T16:09:42.611] [DEBUG] debug-file - load to the disk finished
[2025-05-14T16:09:42.600] [DEBUG] debug-file - hvigorfile, no custom plugins were found in C:\Users\fy\Desktop\noproject\BestPracticeSnippets\animation\entry\hvigorfile.ts
[2025-05-14T16:09:42.647] [INFO] debug-file - Finished :entry:clean... after 6 ms 
[2025-05-14T16:09:42.702] [DEBUG] debug-file - Since there is no instance or instance is terminated, create a new worker pool.
[2025-05-14T16:09:39.467] [DEBUG] debug-file - no-daemon, use the parent process.execArgv --max-old-space-size=8192,--expose-gc
[2025-05-14T16:09:42.712] [DEBUG] debug-file - Current worker pool is stopped or closed.
[2025-05-14T16:09:42.423] [DEBUG] debug-file - End initialize project's product build option map with build mode 'debug'.
[2025-05-14T16:09:42.539] [DEBUG] debug-file - hvigorfile, resolve finished C:\Users\fy\Desktop\noproject\BestPracticeSnippets\animation\hvigorfile.ts
[2025-05-14T16:09:42.590] [DEBUG] debug-file - Module 'entry' target 'default' build option: {
  "debuggable": true,
  "copyFrom": "default",
  "strictMode": {
    "caseSensitiveCheck": true,
    "useNormalizedOHMUrl": true
  },
  "name": "debug"
}
[2025-05-14T16:09:42.612] [DEBUG] debug-file - Start to initialize dependency information.
[2025-05-14T16:09:42.600] [DEBUG] debug-file - hvigorfile, resolve finished C:\Users\fy\Desktop\noproject\BestPracticeSnippets\animation\entry\hvigorfile.ts
[2025-05-14T16:09:42.647] [DEBUG] debug-file - Executing task ::clean
[2025-05-14T16:09:42.702] [DEBUG] debug-file - Worker pool is initialized with config:  {
  minPoolNum: 2,
  maxPoolNum: undefined,
  maxCoreSize: undefined,
  cacheCapacity: undefined,
  cacheTtl: undefined
}
[2025-05-14T16:09:42.712] [DEBUG] debug-file - Clear worker 0.
[2025-05-14T16:09:42.590] [DEBUG] debug-file - Module 'entry' target 'ohosTest' build option: {
  "debuggable": true,
  "strictMode": {
    "caseSensitiveCheck": true,
    "useNormalizedOHMUrl": true
  },
  "name": "default"
}
[2025-05-14T16:09:42.617] [DEBUG] debug-file - Module animation Collected Dependency: 
[2025-05-14T16:09:42.647] [DEBUG] debug-file - clean: Worker pool is inactive.
[2025-05-14T16:09:42.712] [DEBUG] debug-file - Worker 0 has been cleared.
[2025-05-14T16:09:42.590] [DEBUG] debug-file - End initialize module-target build option map, moduleName=entry
[2025-05-14T16:09:42.617] [DEBUG] debug-file - Module animation's total dependency: 0
[2025-05-14T16:09:42.648] [DEBUG] debug-file - animation : clean cost memory 0.03330230712890625
[2025-05-14T16:09:42.712] [DEBUG] debug-file - Current idle worker size: 1.
[2025-05-14T16:09:42.590] [DEBUG] debug-file - Module 'entry' target 'default' using build option: {
  "debuggable": true,
  "copyFrom": "default",
  "strictMode": {
    "caseSensitiveCheck": true,
    "useNormalizedOHMUrl": true
  },
  "name": "debug"
} in this build.
[2025-05-14T16:09:42.619] [DEBUG] debug-file - Start to initialize dependency information.
[2025-05-14T16:09:42.648] [DEBUG] debug-file - runTaskFromQueue task cost before running: 2 s 610 ms 
[2025-05-14T16:09:42.712] [DEBUG] debug-file - Current busy worker size: 0.
[2025-05-14T16:09:42.623] [DEBUG] debug-file - Module entry Collected Dependency: 
[2025-05-14T16:09:42.648] [INFO] debug-file - Finished ::clean... after 1 ms 
[2025-05-14T16:09:42.712] [DEBUG] debug-file - Clear worker 1.
[2025-05-14T16:09:42.623] [DEBUG] debug-file - Module entry's total dependency: 0
[2025-05-14T16:09:42.649] [DEBUG] debug-file - Executing task :entry:init
[2025-05-14T16:09:42.712] [DEBUG] debug-file - Worker 1 has been cleared.
[2025-05-14T16:09:42.712] [DEBUG] debug-file - Current idle worker size: 0.
[2025-05-14T16:09:42.629] [DEBUG] debug-file - Configuration phase cost:2 s 543 ms 
[2025-05-14T16:09:42.649] [DEBUG] debug-file - entry : init cost memory 0.01021575927734375
[2025-05-14T16:09:42.712] [DEBUG] debug-file - Current busy worker size: 0.
[2025-05-14T16:09:42.649] [DEBUG] debug-file - runTaskFromQueue task cost before running: 2 s 610 ms 
[2025-05-14T16:09:42.714] [DEBUG] debug-file - hvigor build process will be closed.
[2025-05-14T16:09:42.649] [INFO] debug-file - Finished :entry:init... after 1 ms 
[2025-05-14T16:09:42.720] [DEBUG] debug-file - worker[0] exits with exit code 0.
[2025-05-14T16:09:42.649] [DEBUG] debug-file - Executing task ::init
[2025-05-14T16:09:42.725] [DEBUG] debug-file - worker[1] exits with exit code 0.
[2025-05-14T16:09:42.649] [DEBUG] debug-file - animation : init cost memory 0.00897216796875
[2025-05-14T16:09:42.726] [DEBUG] debug-file - Current worker pool is terminated.
[2025-05-14T16:09:42.649] [DEBUG] debug-file - runTaskFromQueue task cost before running: 2 s 611 ms 
[2025-05-14T16:09:42.649] [INFO] debug-file - Finished ::init... after 1 ms 
