[2025-05-12T09:09:55.866] [DEBUG] debug-file - env: nodejsVersion=v18.20.1
[2025-05-12T09:09:56.365] [DEBUG] debug-file - Hvigor init with startParameters:{
  hvigorfileTypeCheck: false,
  parallelExecution: true,
  incrementalExecution: true,
  printStackTrace: false,
  daemon: false,
  analyze: 0,
  logLevel: Level { level: 20000, levelStr: 'INFO', colour: 'green' }
}
[2025-05-12T09:09:56.390] [DEBUG] debug-file - hvigorfile, resolving D:\LiuDongHai\FAQ最佳实践资料\BestPractices\BestPractices\DevelopmentPractice\NdkDrawing\hvigorfile.ts
[2025-05-12T09:09:58.010] [DEBUG] debug-file - hvigorfile, require result:  { default: { system: [Function: appTasks], plugins: [] } }
[2025-05-12T09:09:58.206] [DEBUG] debug-file - hvigor build process will be closed with an error.
[2025-05-12T09:09:58.215] [WARN] debug-file - BUILD FAILED in 1 s 870 ms 
[2025-05-12T09:09:55.869] [DEBUG] debug-file - env: hvigor-config.json5 content = {
  modelVersion: '5.0.0',
  dependencies: {},
  execution: {},
  logging: {},
  debugging: {},
  nodeOptions: {}
}
[2025-05-12T09:09:58.230] [DEBUG] debug-file - Create  resident worker with id: 0.
[2025-05-12T09:09:56.367] [DEBUG] debug-file - Since current hvigor version 5.17.0 differs from last hvigor version 
      undefined, delete file-cache.json and task-cache.json.
[2025-05-12T09:09:58.011] [DEBUG] debug-file - hvigorfile, binding system plugins [Function: appTasks]
[2025-05-12T09:09:58.208] [DEBUG] debug-file - ERROR: stacktrace = Error: Invalid project path.
	 Detail: Please move the project to a valid path
    at OhosLogger.errorMessageExit (D:\LiuDongHai\DevEco Studio\tools\hvigor\hvigor\src\base\log\hvigor-log.js:1:3224)
    at OhosLogger._printAllExit (D:\LiuDongHai\DevEco Studio\tools\hvigor\hvigor-ohos-plugin\src\utils\log\ohos-logger.js:1:1274)
    at ProjectInspection.exitOnError (D:\LiuDongHai\DevEco Studio\tools\hvigor\hvigor-ohos-plugin\src\tasks\inspection\project-inspection.js:1:672)
    at AppPlugin.doProjectInspection (D:\LiuDongHai\DevEco Studio\tools\hvigor\hvigor-ohos-plugin\src\plugin\common\abstract-project-plugin.js:1:1585)
    at PluginFactory.getAppPlugin (D:\LiuDongHai\DevEco Studio\tools\hvigor\hvigor-ohos-plugin\src\plugin\factory\plugin-factory.js:1:2159)
    at appTasks (D:\LiuDongHai\DevEco Studio\tools\hvigor\hvigor-ohos-plugin\index.js:1:593)
    at bindSystemPlugins (D:\LiuDongHai\DevEco Studio\tools\hvigor\hvigor\src\base\internal\lifecycle\configuration.js:1:5900)
    at evaluateNodeVigorFile (D:\LiuDongHai\DevEco Studio\tools\hvigor\hvigor\src\base\internal\lifecycle\configuration.js:1:8450)
    at evalProject (D:\LiuDongHai\DevEco Studio\tools\hvigor\hvigor\src\base\internal\lifecycle\configuration.js:1:3495)
    at process.processTicksAndRejections (node:internal/process/task_queues:95:5)
[2025-05-12T09:09:58.227] [DEBUG] debug-file - Since there is no instance or instance is terminated, create a new worker pool.
[2025-05-12T09:09:55.871] [DEBUG] debug-file - env: daemon=false
[2025-05-12T09:09:58.232] [DEBUG] debug-file - Create  resident worker with id: 1.
[2025-05-12T09:09:56.368] [DEBUG] debug-file - Cache service initialization finished in 2 ms 
[2025-05-12T09:09:58.208] [ERROR] debug-file - Error: Invalid project path.
	 Detail: Please move the project to a valid path
    at OhosLogger.errorMessageExit (D:\LiuDongHai\DevEco Studio\tools\hvigor\hvigor\src\base\log\hvigor-log.js:1:3224)
    at OhosLogger._printAllExit (D:\LiuDongHai\DevEco Studio\tools\hvigor\hvigor-ohos-plugin\src\utils\log\ohos-logger.js:1:1274)
    at ProjectInspection.exitOnError (D:\LiuDongHai\DevEco Studio\tools\hvigor\hvigor-ohos-plugin\src\tasks\inspection\project-inspection.js:1:672)
    at AppPlugin.doProjectInspection (D:\LiuDongHai\DevEco Studio\tools\hvigor\hvigor-ohos-plugin\src\plugin\common\abstract-project-plugin.js:1:1585)
    at PluginFactory.getAppPlugin (D:\LiuDongHai\DevEco Studio\tools\hvigor\hvigor-ohos-plugin\src\plugin\factory\plugin-factory.js:1:2159)
    at appTasks (D:\LiuDongHai\DevEco Studio\tools\hvigor\hvigor-ohos-plugin\index.js:1:593)
    at bindSystemPlugins (D:\LiuDongHai\DevEco Studio\tools\hvigor\hvigor\src\base\internal\lifecycle\configuration.js:1:5900)
    at evaluateNodeVigorFile (D:\LiuDongHai\DevEco Studio\tools\hvigor\hvigor\src\base\internal\lifecycle\configuration.js:1:8450)
    at evalProject (D:\LiuDongHai\DevEco Studio\tools\hvigor\hvigor\src\base\internal\lifecycle\configuration.js:1:3495)
    at process.processTicksAndRejections (node:internal/process/task_queues:95:5)
[2025-05-12T09:09:58.228] [DEBUG] debug-file - Worker pool is initialized with config:  {
  minPoolNum: 2,
  maxPoolNum: undefined,
  maxCoreSize: undefined,
  cacheCapacity: undefined,
  cacheTtl: undefined
}
[2025-05-12T09:09:55.871] [DEBUG] debug-file - no-daemon, use the parent process.execArgv --max-old-space-size=8192,--expose-gc
[2025-05-12T09:09:58.234] [DEBUG] debug-file - Current worker pool is stopped or closed.
[2025-05-12T09:09:58.235] [DEBUG] debug-file - Clear worker 0.
[2025-05-12T09:09:58.235] [DEBUG] debug-file - Worker 0 has been cleared.
[2025-05-12T09:09:58.235] [DEBUG] debug-file - Current idle worker size: 1.
[2025-05-12T09:09:58.235] [DEBUG] debug-file - Current busy worker size: 0.
[2025-05-12T09:09:58.235] [DEBUG] debug-file - Clear worker 1.
[2025-05-12T09:09:58.235] [DEBUG] debug-file - Worker 1 has been cleared.
[2025-05-12T09:09:58.235] [DEBUG] debug-file - Current idle worker size: 0.
[2025-05-12T09:09:58.235] [DEBUG] debug-file - Current busy worker size: 0.
[2025-05-12T09:09:58.243] [DEBUG] debug-file - hvigor build process will be closed.
[2025-05-12T09:09:58.247] [DEBUG] debug-file - worker[0] exits with exit code 0.
[2025-05-12T09:09:58.247] [DEBUG] debug-file - worker[1] exits with exit code 0.
[2025-05-12T09:09:58.248] [DEBUG] debug-file - Current worker pool is terminated.
[2025-05-12T09:28:27.100] [DEBUG] debug-file - env: nodejsVersion=v18.20.1
[2025-05-12T09:28:27.440] [DEBUG] debug-file - env: daemon=true
[2025-05-12T09:28:27.103] [DEBUG] debug-file - env: hvigor-config.json5 content = {
  modelVersion: '5.0.0',
  dependencies: {},
  execution: {},
  logging: {},
  debugging: {},
  nodeOptions: {}
}
[2025-05-12T09:28:28.304] [DEBUG] debug-file - java daemon tryConnect failed Error: connect ECONNREFUSED 127.0.0.1:45050
[2025-05-12T09:28:28.314] [DEBUG] debug-file - java daemon started at port 45050 pid 14820
[2025-05-12T09:28:28.341] [DEBUG] debug-file - session manager: set active socket. socketId=99FxYpNo7JWjbw_6AAAB
[2025-05-12T09:28:29.066] [DEBUG] debug-file - watch worker: worker id should be larger than 0. Nothing will be sent to any worker thread.
[2025-05-12T09:28:29.085] [DEBUG] debug-file - Hvigor init with startParameters:{
  hvigorfileTypeCheck: false,
  parallelExecution: true,
  incrementalExecution: true,
  printStackTrace: false,
  daemon: true,
  analyze: 0,
  logLevel: Level { level: 20000, levelStr: 'INFO', colour: 'green' }
}
[2025-05-12T09:28:29.087] [DEBUG] debug-file - Since current hvigor version 5.17.0 differs from last hvigor version 
      undefined, delete file-cache.json and task-cache.json.
[2025-05-12T09:28:29.089] [DEBUG] debug-file - Cache service initialization finished in 4 ms 
[2025-05-12T09:28:29.102] [DEBUG] debug-file - hvigorfile, resolving D:\LiuDongHai\FAQ最佳实践资料\BestPractices\BestPractices\DevelopmentPractice\NdkDrawing\hvigorfile.ts
[2025-05-12T09:28:30.735] [DEBUG] debug-file - hvigorfile, require result:  { default: { plugins: [] } }
[2025-05-12T09:28:30.735] [DEBUG] debug-file - hvigorfile, binding system plugins null
[2025-05-12T09:28:30.935] [DEBUG] debug-file - hvigor build process will be closed with an error.
[2025-05-12T09:28:30.936] [DEBUG] debug-file - ERROR: stacktrace = Error: Invalid project path.
	 Detail: Please move the project to a valid path
    at OhosLogger.errorMessageExit (D:\LiuDongHai\DevEco Studio\tools\hvigor\hvigor\src\base\log\hvigor-log.js:1:3224)
    at OhosLogger._printAllExit (D:\LiuDongHai\DevEco Studio\tools\hvigor\hvigor-ohos-plugin\src\utils\log\ohos-logger.js:1:1274)
    at ProjectInspection.exitOnError (D:\LiuDongHai\DevEco Studio\tools\hvigor\hvigor-ohos-plugin\src\tasks\inspection\project-inspection.js:1:672)
    at AppPlugin.doProjectInspection (D:\LiuDongHai\DevEco Studio\tools\hvigor\hvigor-ohos-plugin\src\plugin\common\abstract-project-plugin.js:1:1585)
    at PluginFactory.getAppPlugin (D:\LiuDongHai\DevEco Studio\tools\hvigor\hvigor-ohos-plugin\src\plugin\factory\plugin-factory.js:1:2159)
    at appTasks (D:\LiuDongHai\DevEco Studio\tools\hvigor\hvigor-ohos-plugin\index.js:1:593)
    at bindSystemPlugins (D:\LiuDongHai\DevEco Studio\tools\hvigor\hvigor\src\base\internal\lifecycle\configuration.js:1:5900)
    at evaluateNodeVigorFile (D:\LiuDongHai\DevEco Studio\tools\hvigor\hvigor\src\base\internal\lifecycle\configuration.js:1:8450)
    at evalProject (D:\LiuDongHai\DevEco Studio\tools\hvigor\hvigor\src\base\internal\lifecycle\configuration.js:1:3495)
    at process.processTicksAndRejections (node:internal/process/task_queues:95:5)
[2025-05-12T09:28:30.936] [ERROR] debug-file - Error: Invalid project path.
	 Detail: Please move the project to a valid path
    at OhosLogger.errorMessageExit (D:\LiuDongHai\DevEco Studio\tools\hvigor\hvigor\src\base\log\hvigor-log.js:1:3224)
    at OhosLogger._printAllExit (D:\LiuDongHai\DevEco Studio\tools\hvigor\hvigor-ohos-plugin\src\utils\log\ohos-logger.js:1:1274)
    at ProjectInspection.exitOnError (D:\LiuDongHai\DevEco Studio\tools\hvigor\hvigor-ohos-plugin\src\tasks\inspection\project-inspection.js:1:672)
    at AppPlugin.doProjectInspection (D:\LiuDongHai\DevEco Studio\tools\hvigor\hvigor-ohos-plugin\src\plugin\common\abstract-project-plugin.js:1:1585)
    at PluginFactory.getAppPlugin (D:\LiuDongHai\DevEco Studio\tools\hvigor\hvigor-ohos-plugin\src\plugin\factory\plugin-factory.js:1:2159)
    at appTasks (D:\LiuDongHai\DevEco Studio\tools\hvigor\hvigor-ohos-plugin\index.js:1:593)
    at bindSystemPlugins (D:\LiuDongHai\DevEco Studio\tools\hvigor\hvigor\src\base\internal\lifecycle\configuration.js:1:5900)
    at evaluateNodeVigorFile (D:\LiuDongHai\DevEco Studio\tools\hvigor\hvigor\src\base\internal\lifecycle\configuration.js:1:8450)
    at evalProject (D:\LiuDongHai\DevEco Studio\tools\hvigor\hvigor\src\base\internal\lifecycle\configuration.js:1:3495)
    at process.processTicksAndRejections (node:internal/process/task_queues:95:5)
[2025-05-12T09:28:30.942] [WARN] debug-file - BUILD FAILED in 1 s 871 ms 
[2025-05-12T09:28:30.953] [DEBUG] debug-file - Since there is no instance or instance is terminated, create a new worker pool.
[2025-05-12T09:28:30.953] [DEBUG] debug-file - Worker pool is initialized with config:  {
  minPoolNum: 2,
  maxPoolNum: undefined,
  maxCoreSize: undefined,
  cacheCapacity: undefined,
  cacheTtl: undefined
}
[2025-05-12T09:28:30.955] [DEBUG] debug-file - session manager: send message to worker process.
[2025-05-12T09:28:30.955] [DEBUG] debug-file - session manager: send message to worker process.
[2025-05-12T09:28:30.955] [DEBUG] debug-file - Create  resident worker with id: 0.
[2025-05-12T09:28:30.957] [DEBUG] debug-file - Create  resident worker with id: 1.
[2025-05-12T09:28:30.960] [DEBUG] debug-file - Cleanup worker 0.
[2025-05-12T09:28:30.960] [DEBUG] debug-file - Worker 0 has been cleaned up.
[2025-05-12T09:28:30.961] [DEBUG] debug-file - Current idle worker size: 1.
[2025-05-12T09:28:30.961] [DEBUG] debug-file - Current resident worker size: 2.
[2025-05-12T09:28:30.961] [DEBUG] debug-file - Cleanup worker 1.
[2025-05-12T09:28:30.961] [DEBUG] debug-file - Worker 1 has been cleaned up.
[2025-05-12T09:28:30.961] [DEBUG] debug-file - Current idle worker size: 0.
[2025-05-12T09:28:30.961] [DEBUG] debug-file - Current resident worker size: 2.
[2025-05-12T09:28:30.968] [DEBUG] debug-file - hvigor build process will be closed.
[2025-05-12T09:28:30.972] [DEBUG] debug-file - watch worker: worker id should be larger than 0. Nothing will be sent to any worker thread.
[2025-05-12T09:28:30.973] [DEBUG] debug-file - watch worker: worker id should be larger than 0. Nothing will be sent to any worker thread.
[2025-05-12T09:28:30.974] [DEBUG] debug-file - worker[0] exits with exit code 0.
[2025-05-12T09:28:30.974] [DEBUG] debug-file - worker[1] exits with exit code 0.
[2025-05-12T15:20:53.342] [DEBUG] debug-file - env: nodejsVersion=v18.20.1
[2025-05-12T15:20:53.658] [DEBUG] debug-file - env: daemon=true
[2025-05-12T15:20:53.344] [DEBUG] debug-file - env: hvigor-config.json5 content = {
  modelVersion: '5.0.0',
  dependencies: {},
  execution: {},
  logging: {},
  debugging: {},
  nodeOptions: {}
}
[2025-05-12T15:20:54.589] [DEBUG] debug-file - java daemon tryConnect failed Error: connect ECONNREFUSED 127.0.0.1:45050
[2025-05-12T15:20:54.595] [DEBUG] debug-file - java daemon started at port 45050 pid 12056
[2025-05-12T15:20:54.634] [DEBUG] debug-file - session manager: set active socket. socketId=1Ehx_3LSCOceOASVAAAB
[2025-05-12T15:20:55.347] [DEBUG] debug-file - watch worker: worker id should be larger than 0. Nothing will be sent to any worker thread.
[2025-05-12T15:20:55.367] [DEBUG] debug-file - Hvigor init with startParameters:{
  hvigorfileTypeCheck: false,
  parallelExecution: true,
  incrementalExecution: true,
  printStackTrace: false,
  daemon: true,
  analyze: 0,
  logLevel: Level { level: 20000, levelStr: 'INFO', colour: 'green' }
}
[2025-05-12T15:20:55.369] [DEBUG] debug-file - Since current hvigor version 5.17.0 differs from last hvigor version 
      undefined, delete file-cache.json and task-cache.json.
[2025-05-12T15:20:55.371] [DEBUG] debug-file - Cache service initialization finished in 4 ms 
[2025-05-12T15:20:55.384] [DEBUG] debug-file - hvigorfile, resolving D:\LiuDongHai\FAQ最佳实践资料\BestPractices\BestPractices\DevelopmentPractice\NdkDrawing\hvigorfile.ts
[2025-05-12T15:20:57.065] [DEBUG] debug-file - hvigorfile, require result:  { default: { plugins: [] } }
[2025-05-12T15:20:57.066] [DEBUG] debug-file - hvigorfile, binding system plugins null
[2025-05-12T15:20:57.260] [DEBUG] debug-file - hvigor build process will be closed with an error.
[2025-05-12T15:20:57.261] [DEBUG] debug-file - ERROR: stacktrace = Error: Invalid project path.
	 Detail: Please move the project to a valid path
    at OhosLogger.errorMessageExit (D:\LiuDongHai\DevEco Studio\tools\hvigor\hvigor\src\base\log\hvigor-log.js:1:3224)
    at OhosLogger._printAllExit (D:\LiuDongHai\DevEco Studio\tools\hvigor\hvigor-ohos-plugin\src\utils\log\ohos-logger.js:1:1274)
    at ProjectInspection.exitOnError (D:\LiuDongHai\DevEco Studio\tools\hvigor\hvigor-ohos-plugin\src\tasks\inspection\project-inspection.js:1:672)
    at AppPlugin.doProjectInspection (D:\LiuDongHai\DevEco Studio\tools\hvigor\hvigor-ohos-plugin\src\plugin\common\abstract-project-plugin.js:1:1585)
    at PluginFactory.getAppPlugin (D:\LiuDongHai\DevEco Studio\tools\hvigor\hvigor-ohos-plugin\src\plugin\factory\plugin-factory.js:1:2159)
    at appTasks (D:\LiuDongHai\DevEco Studio\tools\hvigor\hvigor-ohos-plugin\index.js:1:593)
    at bindSystemPlugins (D:\LiuDongHai\DevEco Studio\tools\hvigor\hvigor\src\base\internal\lifecycle\configuration.js:1:5900)
    at evaluateNodeVigorFile (D:\LiuDongHai\DevEco Studio\tools\hvigor\hvigor\src\base\internal\lifecycle\configuration.js:1:8450)
    at evalProject (D:\LiuDongHai\DevEco Studio\tools\hvigor\hvigor\src\base\internal\lifecycle\configuration.js:1:3495)
    at process.processTicksAndRejections (node:internal/process/task_queues:95:5)
[2025-05-12T15:20:57.261] [ERROR] debug-file - Error: Invalid project path.
	 Detail: Please move the project to a valid path
    at OhosLogger.errorMessageExit (D:\LiuDongHai\DevEco Studio\tools\hvigor\hvigor\src\base\log\hvigor-log.js:1:3224)
    at OhosLogger._printAllExit (D:\LiuDongHai\DevEco Studio\tools\hvigor\hvigor-ohos-plugin\src\utils\log\ohos-logger.js:1:1274)
    at ProjectInspection.exitOnError (D:\LiuDongHai\DevEco Studio\tools\hvigor\hvigor-ohos-plugin\src\tasks\inspection\project-inspection.js:1:672)
    at AppPlugin.doProjectInspection (D:\LiuDongHai\DevEco Studio\tools\hvigor\hvigor-ohos-plugin\src\plugin\common\abstract-project-plugin.js:1:1585)
    at PluginFactory.getAppPlugin (D:\LiuDongHai\DevEco Studio\tools\hvigor\hvigor-ohos-plugin\src\plugin\factory\plugin-factory.js:1:2159)
    at appTasks (D:\LiuDongHai\DevEco Studio\tools\hvigor\hvigor-ohos-plugin\index.js:1:593)
    at bindSystemPlugins (D:\LiuDongHai\DevEco Studio\tools\hvigor\hvigor\src\base\internal\lifecycle\configuration.js:1:5900)
    at evaluateNodeVigorFile (D:\LiuDongHai\DevEco Studio\tools\hvigor\hvigor\src\base\internal\lifecycle\configuration.js:1:8450)
    at evalProject (D:\LiuDongHai\DevEco Studio\tools\hvigor\hvigor\src\base\internal\lifecycle\configuration.js:1:3495)
    at process.processTicksAndRejections (node:internal/process/task_queues:95:5)
[2025-05-12T15:20:57.267] [WARN] debug-file - BUILD FAILED in 1 s 915 ms 
[2025-05-12T15:20:57.277] [DEBUG] debug-file - Since there is no instance or instance is terminated, create a new worker pool.
[2025-05-12T15:20:57.278] [DEBUG] debug-file - Worker pool is initialized with config:  {
  minPoolNum: 2,
  maxPoolNum: undefined,
  maxCoreSize: undefined,
  cacheCapacity: undefined,
  cacheTtl: undefined
}
[2025-05-12T15:20:57.279] [DEBUG] debug-file - Create  resident worker with id: 0.
[2025-05-12T15:20:57.280] [DEBUG] debug-file - session manager: send message to worker process.
[2025-05-12T15:20:57.280] [DEBUG] debug-file - session manager: send message to worker process.
[2025-05-12T15:20:57.281] [DEBUG] debug-file - Create  resident worker with id: 1.
[2025-05-12T15:20:57.284] [DEBUG] debug-file - Cleanup worker 0.
[2025-05-12T15:20:57.284] [DEBUG] debug-file - Worker 0 has been cleaned up.
[2025-05-12T15:20:57.284] [DEBUG] debug-file - Current idle worker size: 1.
[2025-05-12T15:20:57.284] [DEBUG] debug-file - Current resident worker size: 2.
[2025-05-12T15:20:57.284] [DEBUG] debug-file - Cleanup worker 1.
[2025-05-12T15:20:57.284] [DEBUG] debug-file - Worker 1 has been cleaned up.
[2025-05-12T15:20:57.284] [DEBUG] debug-file - Current idle worker size: 0.
[2025-05-12T15:20:57.284] [DEBUG] debug-file - Current resident worker size: 2.
[2025-05-12T15:20:57.291] [DEBUG] debug-file - hvigor build process will be closed.
[2025-05-12T15:20:57.293] [DEBUG] debug-file - watch worker: worker id should be larger than 0. Nothing will be sent to any worker thread.
[2025-05-12T15:20:57.293] [DEBUG] debug-file - watch worker: worker id should be larger than 0. Nothing will be sent to any worker thread.
[2025-05-12T15:20:57.294] [DEBUG] debug-file - worker[0] exits with exit code 0.
[2025-05-12T15:20:57.294] [DEBUG] debug-file - worker[1] exits with exit code 0.
[2025-05-12T16:49:38.980] [DEBUG] debug-file - env: nodejsVersion=v18.20.1
[2025-05-12T16:49:39.295] [DEBUG] debug-file - env: daemon=true
[2025-05-12T16:49:38.982] [DEBUG] debug-file - env: hvigor-config.json5 content = {
  modelVersion: '5.0.0',
  dependencies: {},
  execution: {},
  logging: {},
  debugging: {},
  nodeOptions: {}
}
[2025-05-12T16:49:40.139] [DEBUG] debug-file - java daemon tryConnect failed Error: connect ECONNREFUSED 127.0.0.1:45050
[2025-05-12T16:49:40.145] [DEBUG] debug-file - java daemon started at port 45050 pid 17960
[2025-05-12T16:49:40.171] [DEBUG] debug-file - session manager: set active socket. socketId=8mIIUNxVHSJtgYsjAAAB
[2025-05-12T16:49:40.863] [DEBUG] debug-file - watch worker: worker id should be larger than 0. Nothing will be sent to any worker thread.
[2025-05-12T16:49:40.881] [DEBUG] debug-file - Hvigor init with startParameters:{
  hvigorfileTypeCheck: false,
  parallelExecution: true,
  incrementalExecution: true,
  printStackTrace: false,
  daemon: true,
  analyze: 0,
  logLevel: Level { level: 20000, levelStr: 'INFO', colour: 'green' }
}
[2025-05-12T16:49:40.883] [DEBUG] debug-file - Since current hvigor version 5.17.0 differs from last hvigor version 
      undefined, delete file-cache.json and task-cache.json.
[2025-05-12T16:49:40.885] [DEBUG] debug-file - Cache service initialization finished in 4 ms 
[2025-05-12T16:49:40.897] [DEBUG] debug-file - hvigorfile, resolving D:\LiuDongHai\FAQ最佳实践资料\BestPractices\BestPractices\DevelopmentPractice\NdkDrawing\hvigorfile.ts
[2025-05-12T16:49:42.484] [DEBUG] debug-file - hvigorfile, require result:  { default: { plugins: [] } }
[2025-05-12T16:49:42.485] [DEBUG] debug-file - hvigorfile, binding system plugins null
[2025-05-12T16:49:42.669] [DEBUG] debug-file - hvigor build process will be closed with an error.
[2025-05-12T16:49:42.670] [DEBUG] debug-file - ERROR: stacktrace = Error: Invalid project path.
	 Detail: Please move the project to a valid path
    at OhosLogger.errorMessageExit (D:\LiuDongHai\DevEco Studio\tools\hvigor\hvigor\src\base\log\hvigor-log.js:1:3224)
    at OhosLogger._printAllExit (D:\LiuDongHai\DevEco Studio\tools\hvigor\hvigor-ohos-plugin\src\utils\log\ohos-logger.js:1:1274)
    at ProjectInspection.exitOnError (D:\LiuDongHai\DevEco Studio\tools\hvigor\hvigor-ohos-plugin\src\tasks\inspection\project-inspection.js:1:672)
    at AppPlugin.doProjectInspection (D:\LiuDongHai\DevEco Studio\tools\hvigor\hvigor-ohos-plugin\src\plugin\common\abstract-project-plugin.js:1:1585)
    at PluginFactory.getAppPlugin (D:\LiuDongHai\DevEco Studio\tools\hvigor\hvigor-ohos-plugin\src\plugin\factory\plugin-factory.js:1:2159)
    at appTasks (D:\LiuDongHai\DevEco Studio\tools\hvigor\hvigor-ohos-plugin\index.js:1:593)
    at bindSystemPlugins (D:\LiuDongHai\DevEco Studio\tools\hvigor\hvigor\src\base\internal\lifecycle\configuration.js:1:5900)
    at evaluateNodeVigorFile (D:\LiuDongHai\DevEco Studio\tools\hvigor\hvigor\src\base\internal\lifecycle\configuration.js:1:8450)
    at evalProject (D:\LiuDongHai\DevEco Studio\tools\hvigor\hvigor\src\base\internal\lifecycle\configuration.js:1:3495)
    at process.processTicksAndRejections (node:internal/process/task_queues:95:5)
[2025-05-12T16:49:42.670] [ERROR] debug-file - Error: Invalid project path.
	 Detail: Please move the project to a valid path
    at OhosLogger.errorMessageExit (D:\LiuDongHai\DevEco Studio\tools\hvigor\hvigor\src\base\log\hvigor-log.js:1:3224)
    at OhosLogger._printAllExit (D:\LiuDongHai\DevEco Studio\tools\hvigor\hvigor-ohos-plugin\src\utils\log\ohos-logger.js:1:1274)
    at ProjectInspection.exitOnError (D:\LiuDongHai\DevEco Studio\tools\hvigor\hvigor-ohos-plugin\src\tasks\inspection\project-inspection.js:1:672)
    at AppPlugin.doProjectInspection (D:\LiuDongHai\DevEco Studio\tools\hvigor\hvigor-ohos-plugin\src\plugin\common\abstract-project-plugin.js:1:1585)
    at PluginFactory.getAppPlugin (D:\LiuDongHai\DevEco Studio\tools\hvigor\hvigor-ohos-plugin\src\plugin\factory\plugin-factory.js:1:2159)
    at appTasks (D:\LiuDongHai\DevEco Studio\tools\hvigor\hvigor-ohos-plugin\index.js:1:593)
    at bindSystemPlugins (D:\LiuDongHai\DevEco Studio\tools\hvigor\hvigor\src\base\internal\lifecycle\configuration.js:1:5900)
    at evaluateNodeVigorFile (D:\LiuDongHai\DevEco Studio\tools\hvigor\hvigor\src\base\internal\lifecycle\configuration.js:1:8450)
    at evalProject (D:\LiuDongHai\DevEco Studio\tools\hvigor\hvigor\src\base\internal\lifecycle\configuration.js:1:3495)
    at process.processTicksAndRejections (node:internal/process/task_queues:95:5)
[2025-05-12T16:49:42.676] [WARN] debug-file - BUILD FAILED in 1 s 808 ms 
[2025-05-12T16:49:42.686] [DEBUG] debug-file - Since there is no instance or instance is terminated, create a new worker pool.
[2025-05-12T16:49:42.687] [DEBUG] debug-file - Worker pool is initialized with config:  {
  minPoolNum: 2,
  maxPoolNum: undefined,
  maxCoreSize: undefined,
  cacheCapacity: undefined,
  cacheTtl: undefined
}
[2025-05-12T16:49:42.688] [DEBUG] debug-file - Create  resident worker with id: 0.
[2025-05-12T16:49:42.689] [DEBUG] debug-file - session manager: send message to worker process.
[2025-05-12T16:49:42.689] [DEBUG] debug-file - session manager: send message to worker process.
[2025-05-12T16:49:42.690] [DEBUG] debug-file - Create  resident worker with id: 1.
[2025-05-12T16:49:42.693] [DEBUG] debug-file - Cleanup worker 0.
[2025-05-12T16:49:42.693] [DEBUG] debug-file - Worker 0 has been cleaned up.
[2025-05-12T16:49:42.693] [DEBUG] debug-file - Current idle worker size: 1.
[2025-05-12T16:49:42.693] [DEBUG] debug-file - Current resident worker size: 2.
[2025-05-12T16:49:42.693] [DEBUG] debug-file - Cleanup worker 1.
[2025-05-12T16:49:42.693] [DEBUG] debug-file - Worker 1 has been cleaned up.
[2025-05-12T16:49:42.693] [DEBUG] debug-file - Current idle worker size: 0.
[2025-05-12T16:49:42.693] [DEBUG] debug-file - Current resident worker size: 2.
[2025-05-12T16:49:42.700] [DEBUG] debug-file - hvigor build process will be closed.
[2025-05-12T16:49:42.702] [DEBUG] debug-file - watch worker: worker id should be larger than 0. Nothing will be sent to any worker thread.
[2025-05-12T16:49:42.702] [DEBUG] debug-file - watch worker: worker id should be larger than 0. Nothing will be sent to any worker thread.
[2025-05-12T16:49:42.702] [DEBUG] debug-file - worker[0] exits with exit code 0.
[2025-05-12T16:49:42.703] [DEBUG] debug-file - worker[1] exits with exit code 0.
[2025-05-13T11:01:18.282] [DEBUG] debug-file - env: nodejsVersion=v18.20.1
[2025-05-13T11:01:18.600] [DEBUG] debug-file - env: daemon=true
[2025-05-13T11:01:18.284] [DEBUG] debug-file - env: hvigor-config.json5 content = {
  modelVersion: '5.0.0',
  dependencies: {},
  execution: {},
  logging: {},
  debugging: {},
  nodeOptions: {}
}
[2025-05-13T11:01:19.449] [DEBUG] debug-file - java daemon tryConnect failed Error: connect ECONNREFUSED 127.0.0.1:45050
[2025-05-13T11:01:19.454] [DEBUG] debug-file - java daemon started at port 45050 pid 14996
[2025-05-13T11:01:19.479] [DEBUG] debug-file - session manager: set active socket. socketId=41bIHUUdx8cw4TxiAAAB
[2025-05-13T11:01:20.195] [DEBUG] debug-file - watch worker: worker id should be larger than 0. Nothing will be sent to any worker thread.
[2025-05-13T11:01:20.212] [DEBUG] debug-file - Hvigor init with startParameters:{
  hvigorfileTypeCheck: false,
  parallelExecution: true,
  incrementalExecution: true,
  printStackTrace: false,
  daemon: true,
  analyze: 0,
  logLevel: Level { level: 20000, levelStr: 'INFO', colour: 'green' }
}
[2025-05-13T11:01:20.214] [DEBUG] debug-file - Since current hvigor version 5.17.0 differs from last hvigor version 
      undefined, delete file-cache.json and task-cache.json.
[2025-05-13T11:01:20.216] [DEBUG] debug-file - Cache service initialization finished in 4 ms 
[2025-05-13T11:01:20.228] [DEBUG] debug-file - hvigorfile, resolving D:\LiuDongHai\FAQ最佳实践资料\BestPractices\BestPractices\DevelopmentPractice\NdkDrawing\hvigorfile.ts
[2025-05-13T11:01:21.853] [DEBUG] debug-file - hvigorfile, require result:  { default: { plugins: [] } }
[2025-05-13T11:01:21.853] [DEBUG] debug-file - hvigorfile, binding system plugins null
[2025-05-13T11:01:22.048] [DEBUG] debug-file - hvigor build process will be closed with an error.
[2025-05-13T11:01:22.049] [DEBUG] debug-file - ERROR: stacktrace = Error: Invalid project path.
	 Detail: Please move the project to a valid path
    at OhosLogger.errorMessageExit (D:\LiuDongHai\DevEco Studio\tools\hvigor\hvigor\src\base\log\hvigor-log.js:1:3224)
    at OhosLogger._printAllExit (D:\LiuDongHai\DevEco Studio\tools\hvigor\hvigor-ohos-plugin\src\utils\log\ohos-logger.js:1:1274)
    at ProjectInspection.exitOnError (D:\LiuDongHai\DevEco Studio\tools\hvigor\hvigor-ohos-plugin\src\tasks\inspection\project-inspection.js:1:672)
    at AppPlugin.doProjectInspection (D:\LiuDongHai\DevEco Studio\tools\hvigor\hvigor-ohos-plugin\src\plugin\common\abstract-project-plugin.js:1:1585)
    at PluginFactory.getAppPlugin (D:\LiuDongHai\DevEco Studio\tools\hvigor\hvigor-ohos-plugin\src\plugin\factory\plugin-factory.js:1:2159)
    at appTasks (D:\LiuDongHai\DevEco Studio\tools\hvigor\hvigor-ohos-plugin\index.js:1:593)
    at bindSystemPlugins (D:\LiuDongHai\DevEco Studio\tools\hvigor\hvigor\src\base\internal\lifecycle\configuration.js:1:5900)
    at evaluateNodeVigorFile (D:\LiuDongHai\DevEco Studio\tools\hvigor\hvigor\src\base\internal\lifecycle\configuration.js:1:8450)
    at evalProject (D:\LiuDongHai\DevEco Studio\tools\hvigor\hvigor\src\base\internal\lifecycle\configuration.js:1:3495)
    at process.processTicksAndRejections (node:internal/process/task_queues:95:5)
[2025-05-13T11:01:22.049] [ERROR] debug-file - Error: Invalid project path.
	 Detail: Please move the project to a valid path
    at OhosLogger.errorMessageExit (D:\LiuDongHai\DevEco Studio\tools\hvigor\hvigor\src\base\log\hvigor-log.js:1:3224)
    at OhosLogger._printAllExit (D:\LiuDongHai\DevEco Studio\tools\hvigor\hvigor-ohos-plugin\src\utils\log\ohos-logger.js:1:1274)
    at ProjectInspection.exitOnError (D:\LiuDongHai\DevEco Studio\tools\hvigor\hvigor-ohos-plugin\src\tasks\inspection\project-inspection.js:1:672)
    at AppPlugin.doProjectInspection (D:\LiuDongHai\DevEco Studio\tools\hvigor\hvigor-ohos-plugin\src\plugin\common\abstract-project-plugin.js:1:1585)
    at PluginFactory.getAppPlugin (D:\LiuDongHai\DevEco Studio\tools\hvigor\hvigor-ohos-plugin\src\plugin\factory\plugin-factory.js:1:2159)
    at appTasks (D:\LiuDongHai\DevEco Studio\tools\hvigor\hvigor-ohos-plugin\index.js:1:593)
    at bindSystemPlugins (D:\LiuDongHai\DevEco Studio\tools\hvigor\hvigor\src\base\internal\lifecycle\configuration.js:1:5900)
    at evaluateNodeVigorFile (D:\LiuDongHai\DevEco Studio\tools\hvigor\hvigor\src\base\internal\lifecycle\configuration.js:1:8450)
    at evalProject (D:\LiuDongHai\DevEco Studio\tools\hvigor\hvigor\src\base\internal\lifecycle\configuration.js:1:3495)
    at process.processTicksAndRejections (node:internal/process/task_queues:95:5)
[2025-05-13T11:01:22.056] [WARN] debug-file - BUILD FAILED in 1 s 856 ms 
[2025-05-13T11:01:22.068] [DEBUG] debug-file - Since there is no instance or instance is terminated, create a new worker pool.
[2025-05-13T11:01:22.068] [DEBUG] debug-file - Worker pool is initialized with config:  {
  minPoolNum: 2,
  maxPoolNum: undefined,
  maxCoreSize: undefined,
  cacheCapacity: undefined,
  cacheTtl: undefined
}
[2025-05-13T11:01:22.070] [DEBUG] debug-file - Create  resident worker with id: 0.
[2025-05-13T11:01:22.072] [DEBUG] debug-file - session manager: send message to worker process.
[2025-05-13T11:01:22.072] [DEBUG] debug-file - session manager: send message to worker process.
[2025-05-13T11:01:22.072] [DEBUG] debug-file - Create  resident worker with id: 1.
[2025-05-13T11:01:22.075] [DEBUG] debug-file - Cleanup worker 0.
[2025-05-13T11:01:22.075] [DEBUG] debug-file - Worker 0 has been cleaned up.
[2025-05-13T11:01:22.075] [DEBUG] debug-file - Current idle worker size: 1.
[2025-05-13T11:01:22.075] [DEBUG] debug-file - Current resident worker size: 2.
[2025-05-13T11:01:22.075] [DEBUG] debug-file - Cleanup worker 1.
[2025-05-13T11:01:22.075] [DEBUG] debug-file - Worker 1 has been cleaned up.
[2025-05-13T11:01:22.076] [DEBUG] debug-file - Current idle worker size: 0.
[2025-05-13T11:01:22.076] [DEBUG] debug-file - Current resident worker size: 2.
[2025-05-13T11:01:22.083] [DEBUG] debug-file - hvigor build process will be closed.
[2025-05-13T11:01:22.084] [DEBUG] debug-file - watch worker: worker id should be larger than 0. Nothing will be sent to any worker thread.
[2025-05-13T11:01:22.084] [DEBUG] debug-file - watch worker: worker id should be larger than 0. Nothing will be sent to any worker thread.
[2025-05-13T11:01:22.085] [DEBUG] debug-file - worker[0] exits with exit code 0.
[2025-05-13T11:01:22.086] [DEBUG] debug-file - worker[1] exits with exit code 0.
[2025-05-15T10:43:53.313] [DEBUG] debug-file - env: nodejsVersion=v18.20.1
[2025-05-15T10:43:53.630] [DEBUG] debug-file - env: daemon=true
[2025-05-15T10:43:53.315] [DEBUG] debug-file - env: hvigor-config.json5 content = {
  modelVersion: '5.0.0',
  dependencies: {},
  execution: {},
  logging: {},
  debugging: {},
  nodeOptions: {}
}
[2025-05-15T10:43:54.438] [DEBUG] debug-file - java daemon tryConnect failed Error: connect ECONNREFUSED 127.0.0.1:45050
[2025-05-15T10:43:54.444] [DEBUG] debug-file - java daemon started at port 45050 pid 13896
[2025-05-15T10:43:54.469] [DEBUG] debug-file - session manager: set active socket. socketId=xFpZRILc3xvjoIiBAAAB
[2025-05-15T10:43:55.170] [DEBUG] debug-file - watch worker: worker id should be larger than 0. Nothing will be sent to any worker thread.
[2025-05-15T10:43:55.188] [DEBUG] debug-file - Hvigor init with startParameters:{
  hvigorfileTypeCheck: false,
  parallelExecution: true,
  incrementalExecution: true,
  printStackTrace: false,
  daemon: true,
  analyze: 0,
  logLevel: Level { level: 20000, levelStr: 'INFO', colour: 'green' }
}
[2025-05-15T10:43:55.190] [DEBUG] debug-file - Since current hvigor version 5.17.0 differs from last hvigor version 
      undefined, delete file-cache.json and task-cache.json.
[2025-05-15T10:43:55.192] [DEBUG] debug-file - Cache service initialization finished in 4 ms 
[2025-05-15T10:43:55.205] [DEBUG] debug-file - hvigorfile, resolving D:\LiuDongHai\FAQ最佳实践资料\BestPractices\BestPractices\DevelopmentPractice\NdkDrawing\hvigorfile.ts
[2025-05-15T10:43:56.803] [DEBUG] debug-file - hvigorfile, require result:  { default: { plugins: [] } }
[2025-05-15T10:43:56.803] [DEBUG] debug-file - hvigorfile, binding system plugins null
[2025-05-15T10:43:56.987] [DEBUG] debug-file - hvigor build process will be closed with an error.
[2025-05-15T10:43:56.988] [DEBUG] debug-file - ERROR: stacktrace = Error: Invalid project path.
	 Detail: Please move the project to a valid path
    at OhosLogger.errorMessageExit (D:\LiuDongHai\DevEco Studio\tools\hvigor\hvigor\src\base\log\hvigor-log.js:1:3224)
    at OhosLogger._printAllExit (D:\LiuDongHai\DevEco Studio\tools\hvigor\hvigor-ohos-plugin\src\utils\log\ohos-logger.js:1:1274)
    at ProjectInspection.exitOnError (D:\LiuDongHai\DevEco Studio\tools\hvigor\hvigor-ohos-plugin\src\tasks\inspection\project-inspection.js:1:672)
    at AppPlugin.doProjectInspection (D:\LiuDongHai\DevEco Studio\tools\hvigor\hvigor-ohos-plugin\src\plugin\common\abstract-project-plugin.js:1:1585)
    at PluginFactory.getAppPlugin (D:\LiuDongHai\DevEco Studio\tools\hvigor\hvigor-ohos-plugin\src\plugin\factory\plugin-factory.js:1:2159)
    at appTasks (D:\LiuDongHai\DevEco Studio\tools\hvigor\hvigor-ohos-plugin\index.js:1:593)
    at bindSystemPlugins (D:\LiuDongHai\DevEco Studio\tools\hvigor\hvigor\src\base\internal\lifecycle\configuration.js:1:5900)
    at evaluateNodeVigorFile (D:\LiuDongHai\DevEco Studio\tools\hvigor\hvigor\src\base\internal\lifecycle\configuration.js:1:8450)
    at evalProject (D:\LiuDongHai\DevEco Studio\tools\hvigor\hvigor\src\base\internal\lifecycle\configuration.js:1:3495)
    at process.processTicksAndRejections (node:internal/process/task_queues:95:5)
[2025-05-15T10:43:56.989] [ERROR] debug-file - Error: Invalid project path.
	 Detail: Please move the project to a valid path
    at OhosLogger.errorMessageExit (D:\LiuDongHai\DevEco Studio\tools\hvigor\hvigor\src\base\log\hvigor-log.js:1:3224)
    at OhosLogger._printAllExit (D:\LiuDongHai\DevEco Studio\tools\hvigor\hvigor-ohos-plugin\src\utils\log\ohos-logger.js:1:1274)
    at ProjectInspection.exitOnError (D:\LiuDongHai\DevEco Studio\tools\hvigor\hvigor-ohos-plugin\src\tasks\inspection\project-inspection.js:1:672)
    at AppPlugin.doProjectInspection (D:\LiuDongHai\DevEco Studio\tools\hvigor\hvigor-ohos-plugin\src\plugin\common\abstract-project-plugin.js:1:1585)
    at PluginFactory.getAppPlugin (D:\LiuDongHai\DevEco Studio\tools\hvigor\hvigor-ohos-plugin\src\plugin\factory\plugin-factory.js:1:2159)
    at appTasks (D:\LiuDongHai\DevEco Studio\tools\hvigor\hvigor-ohos-plugin\index.js:1:593)
    at bindSystemPlugins (D:\LiuDongHai\DevEco Studio\tools\hvigor\hvigor\src\base\internal\lifecycle\configuration.js:1:5900)
    at evaluateNodeVigorFile (D:\LiuDongHai\DevEco Studio\tools\hvigor\hvigor\src\base\internal\lifecycle\configuration.js:1:8450)
    at evalProject (D:\LiuDongHai\DevEco Studio\tools\hvigor\hvigor\src\base\internal\lifecycle\configuration.js:1:3495)
    at process.processTicksAndRejections (node:internal/process/task_queues:95:5)
[2025-05-15T10:43:56.996] [WARN] debug-file - BUILD FAILED in 1 s 821 ms 
[2025-05-15T10:43:57.007] [DEBUG] debug-file - Since there is no instance or instance is terminated, create a new worker pool.
[2025-05-15T10:43:57.007] [DEBUG] debug-file - Worker pool is initialized with config:  {
  minPoolNum: 2,
  maxPoolNum: undefined,
  maxCoreSize: undefined,
  cacheCapacity: undefined,
  cacheTtl: undefined
}
[2025-05-15T10:43:57.008] [DEBUG] debug-file - Create  resident worker with id: 0.
[2025-05-15T10:43:57.010] [DEBUG] debug-file - session manager: send message to worker process.
[2025-05-15T10:43:57.010] [DEBUG] debug-file - session manager: send message to worker process.
[2025-05-15T10:43:57.011] [DEBUG] debug-file - Create  resident worker with id: 1.
[2025-05-15T10:43:57.014] [DEBUG] debug-file - Cleanup worker 0.
[2025-05-15T10:43:57.014] [DEBUG] debug-file - Worker 0 has been cleaned up.
[2025-05-15T10:43:57.014] [DEBUG] debug-file - Current idle worker size: 1.
[2025-05-15T10:43:57.014] [DEBUG] debug-file - Current resident worker size: 2.
[2025-05-15T10:43:57.014] [DEBUG] debug-file - Cleanup worker 1.
[2025-05-15T10:43:57.014] [DEBUG] debug-file - Worker 1 has been cleaned up.
[2025-05-15T10:43:57.014] [DEBUG] debug-file - Current idle worker size: 0.
[2025-05-15T10:43:57.014] [DEBUG] debug-file - Current resident worker size: 2.
[2025-05-15T10:43:57.021] [DEBUG] debug-file - hvigor build process will be closed.
[2025-05-15T10:43:57.023] [DEBUG] debug-file - watch worker: worker id should be larger than 0. Nothing will be sent to any worker thread.
[2025-05-15T10:43:57.023] [DEBUG] debug-file - watch worker: worker id should be larger than 0. Nothing will be sent to any worker thread.
[2025-05-15T10:43:57.023] [DEBUG] debug-file - worker[0] exits with exit code 0.
[2025-05-15T10:43:57.024] [DEBUG] debug-file - worker[1] exits with exit code 0.
