[2025-05-21T10:13:56.391] [DEBUG] debug-file - env: nodejsVersion=v18.20.1
[2025-05-21T10:13:57.061] [DEBUG] debug-file - Hvigor init with startParameters:{
  hvigorfileTypeCheck: false,
  parallelExecution: true,
  incrementalExecution: true,
  printStackTrace: false,
  daemon: false,
  analyze: 0,
  logLevel: Level { level: 20000, levelStr: 'INFO', colour: 'green' }
}
[2025-05-21T10:13:57.087] [DEBUG] debug-file - hvigorfile, resolving C:\Users\fy\Desktop\newproject\5.15new10\BestPracticeSnippets\AppConcurrencyDesign (2)\hvigorfile.ts
[2025-05-21T10:13:59.541] [DEBUG] debug-file - hvigorfile, require result:  { default: { system: [Function: appTasks], plugins: [] } }
[2025-05-21T10:13:59.795] [DEBUG] debug-file - Start initialize project's product build option map with build mode debug.
[2025-05-21T10:13:59.802] [DEBUG] debug-file - Product 'default' using build option: {
  "debuggable": true
} in this build.
[2025-05-21T10:13:59.810] [DEBUG] debug-file - Local scan or download HarmonyOS sdk components toolchains,ets,js,native,previewer
[2025-05-21T10:13:59.816] [DEBUG] debug-file - Local scan or download hmscore sdk components toolchains,ets,native
[2025-05-21T10:13:59.827] [DEBUG] debug-file - Start recording SDK configuration permission data.
[2025-05-21T10:13:59.862] [DEBUG] debug-file - Sdk init in 57 ms 
[2025-05-21T10:13:59.898] [DEBUG] debug-file - Project task initialization takes 34 ms 
[2025-05-21T10:13:59.909] [DEBUG] debug-file - hvigorfile, resolving C:\Users\fy\Desktop\newproject\5.15new10\BestPracticeSnippets\AppConcurrencyDesign (2)\entry\hvigorfile.ts
[2025-05-21T10:13:59.931] [DEBUG] debug-file - Start initialize module-target build option map, moduleName=entry, buildMode=debug
[2025-05-21T10:13:59.941] [DEBUG] debug-file - Module entry task initialization takes 5 ms 
[2025-05-21T10:13:59.945] [DEBUG] debug-file - project has submodules:entry
[2025-05-21T10:13:59.983] [DEBUG] debug-file - Configuration task cost before running: 2 s 946 ms 
[2025-05-21T10:13:59.994] [DEBUG] debug-file - entry : clean cost memory 0.26398468017578125
[2025-05-21T10:13:59.988] [DEBUG] debug-file - Executing task :entry:clean
[2025-05-21T10:14:00.025] [DEBUG] debug-file - Module 'entry' target 'default' using build option: {
  "debuggable": true,
  "copyFrom": "default",
  "externalNativeOptions": {
    "path": "./src/main/cpp/CMakeLists.txt",
    "arguments": "",
    "cppFlags": ""
  },
  "name": "debug"
} in this build.
[2025-05-21T10:13:56.394] [DEBUG] debug-file - env: hvigor-config.json5 content = {
  modelVersion: '5.0.0',
  dependencies: {},
  execution: {},
  logging: {},
  debugging: {},
  nodeOptions: {}
}
[2025-05-21T10:14:00.047] [DEBUG] debug-file - Create  resident worker with id: 0.
[2025-05-21T10:13:57.063] [DEBUG] debug-file - Since current hvigor version 5.16.2 differs from last hvigor version 
      undefined, delete file-cache.json and task-cache.json.
[2025-05-21T10:13:59.542] [DEBUG] debug-file - hvigorfile, binding system plugins [Function: appTasks]
[2025-05-21T10:13:59.795] [DEBUG] debug-file - Picking option from product 'default' with build mode 'debug'.
[2025-05-21T10:13:59.804] [DEBUG] debug-file - No signingConfig found, initRemoteHspCache failed.
[2025-05-21T10:13:59.899] [DEBUG] debug-file - hvigorfile, binding custom plugins []
[2025-05-21T10:13:59.915] [DEBUG] debug-file - hvigorfile, require result:  { default: { system: [Function: hapTasks], plugins: [] } }
[2025-05-21T10:13:59.932] [DEBUG] debug-file - Target 'default' config: {}
[2025-05-21T10:13:59.941] [DEBUG] debug-file - hvigorfile, binding custom plugins []
[2025-05-21T10:13:59.947] [DEBUG] debug-file - start to load updatedOhPackageInfo to the disk
[2025-05-21T10:13:59.994] [DEBUG] debug-file - runTaskFromQueue task cost before running: 2 s 957 ms 
[2025-05-21T10:13:59.988] [DEBUG] debug-file - clean: Worker pool is inactive.
[2025-05-21T10:14:00.044] [DEBUG] debug-file - Since there is no instance or instance is terminated, create a new worker pool.
[2025-05-21T10:13:56.396] [DEBUG] debug-file - env: daemon=false
[2025-05-21T10:14:00.050] [DEBUG] debug-file - Create  resident worker with id: 1.
[2025-05-21T10:13:57.064] [DEBUG] debug-file - Cache service initialization finished in 3 ms 
[2025-05-21T10:13:59.796] [DEBUG] debug-file - Product 'default' build option: {}
[2025-05-21T10:13:59.899] [DEBUG] debug-file - hvigorfile, no custom plugins were found in C:\Users\fy\Desktop\newproject\5.15new10\BestPracticeSnippets\AppConcurrencyDesign (2)\hvigorfile.ts
[2025-05-21T10:13:59.916] [DEBUG] debug-file - hvigorfile, binding system plugins [Function: hapTasks]
[2025-05-21T10:13:59.933] [DEBUG] debug-file - Module 'entry' target 'default' build option: {
  "debuggable": true,
  "copyFrom": "default",
  "externalNativeOptions": {
    "path": "./src/main/cpp/CMakeLists.txt",
    "arguments": "",
    "cppFlags": ""
  },
  "name": "debug"
}
[2025-05-21T10:13:59.942] [DEBUG] debug-file - hvigorfile, no custom plugins were found in C:\Users\fy\Desktop\newproject\5.15new10\BestPracticeSnippets\AppConcurrencyDesign (2)\entry\hvigorfile.ts
[2025-05-21T10:13:59.956] [DEBUG] debug-file - load to the disk finished
[2025-05-21T10:13:59.996] [INFO] debug-file - Finished :entry:clean... after 7 ms 
[2025-05-21T10:14:00.044] [DEBUG] debug-file - Worker pool is initialized with config:  {
  minPoolNum: 2,
  maxPoolNum: undefined,
  maxCoreSize: undefined,
  cacheCapacity: undefined,
  cacheTtl: undefined
}
[2025-05-21T10:13:56.396] [DEBUG] debug-file - no-daemon, use the parent process.execArgv --max-old-space-size=8192,--expose-gc
[2025-05-21T10:14:00.053] [DEBUG] debug-file - Current worker pool is stopped or closed.
[2025-05-21T10:13:59.796] [DEBUG] debug-file - End initialize project's product build option map with build mode 'debug'.
[2025-05-21T10:13:59.899] [DEBUG] debug-file - hvigorfile, resolve finished C:\Users\fy\Desktop\newproject\5.15new10\BestPracticeSnippets\AppConcurrencyDesign (2)\hvigorfile.ts
[2025-05-21T10:13:59.933] [DEBUG] debug-file - End initialize module-target build option map, moduleName=entry
[2025-05-21T10:13:59.942] [DEBUG] debug-file - hvigorfile, resolve finished C:\Users\fy\Desktop\newproject\5.15new10\BestPracticeSnippets\AppConcurrencyDesign (2)\entry\hvigorfile.ts
[2025-05-21T10:13:59.957] [DEBUG] debug-file - Start to initialize dependency information.
[2025-05-21T10:13:59.997] [DEBUG] debug-file - Executing task ::clean
[2025-05-21T10:14:00.054] [DEBUG] debug-file - Clear worker 0.
[2025-05-21T10:13:59.933] [DEBUG] debug-file - Module 'entry' target 'default' using build option: {
  "debuggable": true,
  "copyFrom": "default",
  "externalNativeOptions": {
    "path": "./src/main/cpp/CMakeLists.txt",
    "arguments": "",
    "cppFlags": ""
  },
  "name": "debug"
} in this build.
[2025-05-21T10:13:59.966] [DEBUG] debug-file - Module AppConcurrencyDesign (2) Collected Dependency: 
[2025-05-21T10:13:59.998] [DEBUG] debug-file - clean: Worker pool is inactive.
[2025-05-21T10:14:00.054] [DEBUG] debug-file - Worker 0 has been cleared.
[2025-05-21T10:13:59.966] [DEBUG] debug-file - Module AppConcurrencyDesign (2)'s total dependency: 0
[2025-05-21T10:13:59.998] [DEBUG] debug-file - AppConcurrencyDesign (2) : clean cost memory 0.03441619873046875
[2025-05-21T10:14:00.054] [DEBUG] debug-file - Current idle worker size: 1.
[2025-05-21T10:13:59.967] [DEBUG] debug-file - Start to initialize dependency information.
[2025-05-21T10:13:59.998] [DEBUG] debug-file - runTaskFromQueue task cost before running: 2 s 962 ms 
[2025-05-21T10:14:00.054] [DEBUG] debug-file - Current busy worker size: 0.
[2025-05-21T10:13:59.972] [DEBUG] debug-file - Module entry Collected Dependency: C:\Users\fy\Desktop\newproject\5.15new10\BestPracticeSnippets\AppConcurrencyDesign (2)\entry\src\main\cpp\types\libentry
[2025-05-21T10:13:59.999] [INFO] debug-file - Finished ::clean... after 2 ms 
[2025-05-21T10:14:00.054] [DEBUG] debug-file - Clear worker 1.
[2025-05-21T10:13:59.972] [DEBUG] debug-file - Module entry's total dependency: 1
[2025-05-21T10:13:59.999] [DEBUG] debug-file - Executing task :entry:init
[2025-05-21T10:14:00.054] [DEBUG] debug-file - Worker 1 has been cleared.
[2025-05-21T10:13:59.978] [DEBUG] debug-file - Configuration phase cost:2 s 905 ms 
[2025-05-21T10:13:59.999] [DEBUG] debug-file - entry : init cost memory 0.01016998291015625
[2025-05-21T10:14:00.054] [DEBUG] debug-file - Current idle worker size: 0.
[2025-05-21T10:13:59.999] [DEBUG] debug-file - runTaskFromQueue task cost before running: 2 s 962 ms 
[2025-05-21T10:14:00.054] [DEBUG] debug-file - Current busy worker size: 0.
[2025-05-21T10:13:59.999] [INFO] debug-file - Finished :entry:init... after 1 ms 
[2025-05-21T10:14:00.055] [DEBUG] debug-file - hvigor build process will be closed.
[2025-05-21T10:13:59.999] [DEBUG] debug-file - Executing task ::init
[2025-05-21T10:14:00.062] [DEBUG] debug-file - worker[0] exits with exit code 0.
[2025-05-21T10:14:00.000] [DEBUG] debug-file - AppConcurrencyDesign (2) : init cost memory 0.00894927978515625
[2025-05-21T10:14:00.066] [DEBUG] debug-file - worker[1] exits with exit code 0.
[2025-05-21T10:14:00.067] [DEBUG] debug-file - Current worker pool is terminated.
[2025-05-21T10:14:00.000] [DEBUG] debug-file - runTaskFromQueue task cost before running: 2 s 963 ms 
[2025-05-21T10:14:00.000] [INFO] debug-file - Finished ::init... after 1 ms 
