[2025-05-15T10:20:07.706] [DEBUG] debug-file - env: nodejsVersion=v18.20.1
[2025-05-15T10:20:08.179] [DEBUG] debug-file - Hvigor init with startParameters:{
  hvigorfileTypeCheck: false,
  parallelExecution: true,
  incrementalExecution: true,
  printStackTrace: false,
  daemon: false,
  analyze: 0,
  logLevel: Level { level: 20000, levelStr: 'INFO', colour: 'green' }
}
[2025-05-15T10:20:08.201] [DEBUG] debug-file - hvigorfile, resolving C:\Users\lenovo\Desktop\29\DevelopmentPractice\VideoProcessBaseWeb\hvigorfile.ts
[2025-05-15T10:20:09.684] [DEBUG] debug-file - hvigorfile, require result:  { default: { system: [Function: appTasks], plugins: [] } }
[2025-05-15T10:20:09.885] [DEBUG] debug-file - Start initialize project's product build option map with build mode debug.
[2025-05-15T10:20:09.891] [DEBUG] debug-file - Product 'default' using build option: {
  "debuggable": true,
  "strictMode": {
    "caseSensitiveCheck": true,
    "useNormalizedOHMUrl": true
  }
} in this build.
[2025-05-15T10:20:09.905] [DEBUG] debug-file - Local scan or download HarmonyOS sdk components toolchains,ets,js,native,previewer
[2025-05-15T10:20:09.909] [DEBUG] debug-file - Local scan or download hmscore sdk components toolchains,ets,native
[2025-05-15T10:20:09.919] [DEBUG] debug-file - Start recording SDK configuration permission data.
[2025-05-15T10:20:09.952] [DEBUG] debug-file - Sdk init in 52 ms 
[2025-05-15T10:20:09.983] [DEBUG] debug-file - Project task initialization takes 29 ms 
[2025-05-15T10:20:09.995] [DEBUG] debug-file - hvigorfile, resolving C:\Users\lenovo\Desktop\29\DevelopmentPractice\VideoProcessBaseWeb\entry\hvigorfile.ts
[2025-05-15T10:20:10.019] [DEBUG] debug-file - Start initialize module-target build option map, moduleName=entry, buildMode=debug
[2025-05-15T10:20:10.029] [DEBUG] debug-file - Module entry task initialization takes 5 ms 
[2025-05-15T10:20:10.054] [DEBUG] debug-file - Configuration task cost before running: 1 s 893 ms 
[2025-05-15T10:20:10.033] [DEBUG] debug-file - project has submodules:entry
[2025-05-15T10:20:10.058] [DEBUG] debug-file - Executing task :entry:clean
[2025-05-15T10:20:10.062] [DEBUG] debug-file - entry : clean cost memory 0.5020370483398438
[2025-05-15T10:20:07.708] [DEBUG] debug-file - env: hvigor-config.json5 content = {
  modelVersion: '5.0.0',
  dependencies: {},
  execution: {},
  logging: {},
  debugging: {},
  nodeOptions: {}
}
[2025-05-15T10:20:10.079] [DEBUG] debug-file - Module 'entry' target 'default' using build option: {
  "debuggable": true,
  "copyFrom": "default",
  "strictMode": {
    "caseSensitiveCheck": true,
    "useNormalizedOHMUrl": true
  },
  "name": "debug"
} in this build.
[2025-05-15T10:20:10.096] [DEBUG] debug-file - Create  resident worker with id: 0.
[2025-05-15T10:20:08.181] [DEBUG] debug-file - Since current hvigor version 5.17.0 differs from last hvigor version 
      undefined, delete file-cache.json and task-cache.json.
[2025-05-15T10:20:09.685] [DEBUG] debug-file - hvigorfile, binding system plugins [Function: appTasks]
[2025-05-15T10:20:09.886] [DEBUG] debug-file - Picking option from product 'default' with build mode 'debug'.
[2025-05-15T10:20:09.892] [DEBUG] debug-file - not found resModel json file in : C:\Users\lenovo\Desktop\29\DevelopmentPractice\VideoProcessBaseWeb\entry\src\ohosTest\module.json5
[2025-05-15T10:20:09.983] [DEBUG] debug-file - hvigorfile, binding custom plugins []
[2025-05-15T10:20:10.003] [DEBUG] debug-file - hvigorfile, require result:  { default: { system: [Function: hapTasks], plugins: [] } }
[2025-05-15T10:20:10.019] [DEBUG] debug-file - Target 'default' config: {}
[2025-05-15T10:20:10.029] [DEBUG] debug-file - hvigorfile, binding custom plugins []
[2025-05-15T10:20:10.034] [DEBUG] debug-file - start to load updatedOhPackageInfo to the disk
[2025-05-15T10:20:10.058] [DEBUG] debug-file - clean: Worker pool is inactive.
[2025-05-15T10:20:10.062] [DEBUG] debug-file - runTaskFromQueue task cost before running: 1 s 901 ms 
[2025-05-15T10:20:07.710] [DEBUG] debug-file - env: daemon=false
[2025-05-15T10:20:10.083] [DEBUG] debug-file - Module 'entry' target 'ohosTest' using build option: {
  "debuggable": true,
  "strictMode": {
    "caseSensitiveCheck": true,
    "useNormalizedOHMUrl": true
  },
  "name": "default"
} in this build.
[2025-05-15T10:20:10.098] [DEBUG] debug-file - Create  resident worker with id: 1.
[2025-05-15T10:20:08.182] [DEBUG] debug-file - Cache service initialization finished in 2 ms 
[2025-05-15T10:20:09.886] [DEBUG] debug-file - Product 'default' build option: {}
[2025-05-15T10:20:09.899] [DEBUG] debug-file - No signingConfig found, initRemoteHspCache failed.
[2025-05-15T10:20:09.983] [DEBUG] debug-file - hvigorfile, no custom plugins were found in C:\Users\lenovo\Desktop\29\DevelopmentPractice\VideoProcessBaseWeb\hvigorfile.ts
[2025-05-15T10:20:10.003] [DEBUG] debug-file - hvigorfile, binding system plugins [Function: hapTasks]
[2025-05-15T10:20:10.020] [DEBUG] debug-file - Target 'ohosTest' config: {}
[2025-05-15T10:20:10.040] [DEBUG] debug-file - load to the disk finished
[2025-05-15T10:20:10.063] [INFO] debug-file - Finished :entry:clean... after 4 ms 
[2025-05-15T10:20:10.029] [DEBUG] debug-file - hvigorfile, no custom plugins were found in C:\Users\lenovo\Desktop\29\DevelopmentPractice\VideoProcessBaseWeb\entry\hvigorfile.ts
[2025-05-15T10:20:07.710] [DEBUG] debug-file - no-daemon, use the parent process.execArgv --max-old-space-size=8192,--expose-gc
[2025-05-15T10:20:10.093] [DEBUG] debug-file - Since there is no instance or instance is terminated, create a new worker pool.
[2025-05-15T10:20:10.100] [DEBUG] debug-file - Current worker pool is stopped or closed.
[2025-05-15T10:20:09.886] [DEBUG] debug-file - End initialize project's product build option map with build mode 'debug'.
[2025-05-15T10:20:09.984] [DEBUG] debug-file - hvigorfile, resolve finished C:\Users\lenovo\Desktop\29\DevelopmentPractice\VideoProcessBaseWeb\hvigorfile.ts
[2025-05-15T10:20:10.020] [DEBUG] debug-file - Module 'entry' target 'default' build option: {
  "debuggable": true,
  "copyFrom": "default",
  "strictMode": {
    "caseSensitiveCheck": true,
    "useNormalizedOHMUrl": true
  },
  "name": "debug"
}
[2025-05-15T10:20:10.041] [DEBUG] debug-file - Start to initialize dependency information.
[2025-05-15T10:20:10.063] [DEBUG] debug-file - Executing task ::clean
[2025-05-15T10:20:10.029] [DEBUG] debug-file - hvigorfile, resolve finished C:\Users\lenovo\Desktop\29\DevelopmentPractice\VideoProcessBaseWeb\entry\hvigorfile.ts
[2025-05-15T10:20:10.093] [DEBUG] debug-file - Worker pool is initialized with config:  {
  minPoolNum: 2,
  maxPoolNum: undefined,
  maxCoreSize: undefined,
  cacheCapacity: undefined,
  cacheTtl: undefined
}
[2025-05-15T10:20:10.100] [DEBUG] debug-file - Clear worker 0.
[2025-05-15T10:20:10.020] [DEBUG] debug-file - Module 'entry' target 'ohosTest' build option: {
  "debuggable": true,
  "strictMode": {
    "caseSensitiveCheck": true,
    "useNormalizedOHMUrl": true
  },
  "name": "default"
}
[2025-05-15T10:20:10.063] [DEBUG] debug-file - clean: Worker pool is inactive.
[2025-05-15T10:20:10.043] [DEBUG] debug-file - Module VideoProcessBaseWeb Collected Dependency: 
[2025-05-15T10:20:10.101] [DEBUG] debug-file - Worker 0 has been cleared.
[2025-05-15T10:20:10.020] [DEBUG] debug-file - End initialize module-target build option map, moduleName=entry
[2025-05-15T10:20:10.064] [DEBUG] debug-file - VideoProcessBaseWeb : clean cost memory 0.0334014892578125
[2025-05-15T10:20:10.043] [DEBUG] debug-file - Module VideoProcessBaseWeb's total dependency: 0
[2025-05-15T10:20:10.101] [DEBUG] debug-file - Current idle worker size: 1.
[2025-05-15T10:20:10.021] [DEBUG] debug-file - Module 'entry' target 'default' using build option: {
  "debuggable": true,
  "copyFrom": "default",
  "strictMode": {
    "caseSensitiveCheck": true,
    "useNormalizedOHMUrl": true
  },
  "name": "debug"
} in this build.
[2025-05-15T10:20:10.064] [DEBUG] debug-file - runTaskFromQueue task cost before running: 1 s 903 ms 
[2025-05-15T10:20:10.044] [DEBUG] debug-file - Start to initialize dependency information.
[2025-05-15T10:20:10.101] [DEBUG] debug-file - Current busy worker size: 0.
[2025-05-15T10:20:10.064] [INFO] debug-file - Finished ::clean... after 1 ms 
[2025-05-15T10:20:10.046] [DEBUG] debug-file - Module entry Collected Dependency: 
[2025-05-15T10:20:10.101] [DEBUG] debug-file - Clear worker 1.
[2025-05-15T10:20:10.064] [DEBUG] debug-file - Executing task :entry:init
[2025-05-15T10:20:10.046] [DEBUG] debug-file - Module entry's total dependency: 0
[2025-05-15T10:20:10.101] [DEBUG] debug-file - Worker 1 has been cleared.
[2025-05-15T10:20:10.064] [DEBUG] debug-file - entry : init cost memory 0.01019287109375
[2025-05-15T10:20:10.051] [DEBUG] debug-file - Configuration phase cost:1 s 861 ms 
[2025-05-15T10:20:10.101] [DEBUG] debug-file - Current idle worker size: 0.
[2025-05-15T10:20:10.064] [DEBUG] debug-file - runTaskFromQueue task cost before running: 1 s 904 ms 
[2025-05-15T10:20:10.101] [DEBUG] debug-file - Current busy worker size: 0.
[2025-05-15T10:20:10.065] [INFO] debug-file - Finished :entry:init... after 1 ms 
[2025-05-15T10:20:10.101] [DEBUG] debug-file - hvigor build process will be closed.
[2025-05-15T10:20:10.065] [DEBUG] debug-file - Executing task ::init
[2025-05-15T10:20:10.105] [DEBUG] debug-file - worker[0] exits with exit code 0.
[2025-05-15T10:20:10.065] [DEBUG] debug-file - VideoProcessBaseWeb : init cost memory 0.00897216796875
[2025-05-15T10:20:10.106] [DEBUG] debug-file - worker[1] exits with exit code 0.
[2025-05-15T10:20:10.065] [DEBUG] debug-file - runTaskFromQueue task cost before running: 1 s 905 ms 
[2025-05-15T10:20:10.107] [DEBUG] debug-file - Current worker pool is terminated.
[2025-05-15T10:20:10.065] [INFO] debug-file - Finished ::init... after 1 ms 
[2025-05-15T19:21:46.517] [DEBUG] debug-file - env: nodejsVersion=v18.20.1
[2025-05-15T19:21:47.024] [DEBUG] debug-file - Hvigor init with startParameters:{
  hvigorfileTypeCheck: false,
  parallelExecution: true,
  incrementalExecution: true,
  printStackTrace: false,
  daemon: false,
  analyze: 0,
  logLevel: Level { level: 20000, levelStr: 'INFO', colour: 'green' }
}
[2025-05-15T19:21:47.047] [DEBUG] debug-file - hvigorfile, resolving C:\Users\lenovo\Desktop\14\BestPracticeSnippets\VideoProcessBaseWeb\hvigorfile.ts
[2025-05-15T19:21:48.891] [DEBUG] debug-file - hvigorfile, require result:  { default: { system: [Function: appTasks], plugins: [] } }
[2025-05-15T19:21:49.093] [DEBUG] debug-file - Start initialize project's product build option map with build mode debug.
[2025-05-15T19:21:49.100] [DEBUG] debug-file - Product 'default' using build option: {
  "debuggable": true,
  "strictMode": {
    "caseSensitiveCheck": true,
    "useNormalizedOHMUrl": true
  }
} in this build.
[2025-05-15T19:21:49.116] [DEBUG] debug-file - Local scan or download HarmonyOS sdk components toolchains,ets,js,native,previewer
[2025-05-15T19:21:49.120] [DEBUG] debug-file - Local scan or download hmscore sdk components toolchains,ets,native
[2025-05-15T19:21:49.130] [DEBUG] debug-file - Start recording SDK configuration permission data.
[2025-05-15T19:21:49.170] [DEBUG] debug-file - Sdk init in 60 ms 
[2025-05-15T19:21:49.204] [DEBUG] debug-file - Project task initialization takes 32 ms 
[2025-05-15T19:21:49.217] [DEBUG] debug-file - hvigorfile, resolving C:\Users\lenovo\Desktop\14\BestPracticeSnippets\VideoProcessBaseWeb\entry\hvigorfile.ts
[2025-05-15T19:21:49.241] [DEBUG] debug-file - Start initialize module-target build option map, moduleName=entry, buildMode=debug
[2025-05-15T19:21:49.252] [DEBUG] debug-file - Module entry task initialization takes 5 ms 
[2025-05-15T19:21:49.277] [DEBUG] debug-file - Configuration task cost before running: 2 s 271 ms 
[2025-05-15T19:21:46.520] [DEBUG] debug-file - env: hvigor-config.json5 content = {
  modelVersion: '5.0.0',
  dependencies: {},
  execution: {},
  logging: {},
  debugging: {},
  nodeOptions: {}
}
[2025-05-15T19:21:49.255] [DEBUG] debug-file - project has submodules:entry
[2025-05-15T19:21:49.336] [DEBUG] debug-file - Create  resident worker with id: 0.
[2025-05-15T19:21:49.295] [DEBUG] debug-file - Module 'entry' target 'default' using build option: {
  "debuggable": true,
  "copyFrom": "default",
  "strictMode": {
    "caseSensitiveCheck": true,
    "useNormalizedOHMUrl": true
  },
  "name": "debug"
} in this build.
[2025-05-15T19:21:48.891] [DEBUG] debug-file - hvigorfile, binding system plugins [Function: appTasks]
[2025-05-15T19:21:47.026] [DEBUG] debug-file - Cache service initialization finished in 2 ms 
[2025-05-15T19:21:49.094] [DEBUG] debug-file - Picking option from product 'default' with build mode 'debug'.
[2025-05-15T19:21:49.101] [DEBUG] debug-file - not found resModel json file in : C:\Users\lenovo\Desktop\14\BestPracticeSnippets\VideoProcessBaseWeb\entry\src\ohosTest\module.json5
[2025-05-15T19:21:49.204] [DEBUG] debug-file - hvigorfile, binding custom plugins []
[2025-05-15T19:21:49.224] [DEBUG] debug-file - hvigorfile, require result:  { default: { system: [Function: hapTasks], plugins: [] } }
[2025-05-15T19:21:49.241] [DEBUG] debug-file - Target 'default' config: {}
[2025-05-15T19:21:49.252] [DEBUG] debug-file - hvigorfile, binding custom plugins []
[2025-05-15T19:21:49.278] [DEBUG] debug-file - Executing task :entry:init
[2025-05-15T19:21:46.522] [DEBUG] debug-file - env: daemon=false
[2025-05-15T19:21:49.257] [DEBUG] debug-file - start to load updatedOhPackageInfo to the disk
[2025-05-15T19:21:49.338] [DEBUG] debug-file - Create  resident worker with id: 1.
[2025-05-15T19:21:49.300] [DEBUG] debug-file - Module 'entry' target 'ohosTest' using build option: {
  "debuggable": true,
  "strictMode": {
    "caseSensitiveCheck": true,
    "useNormalizedOHMUrl": true
  },
  "name": "default"
} in this build.
[2025-05-15T19:21:49.094] [DEBUG] debug-file - Product 'default' build option: {}
[2025-05-15T19:21:49.109] [DEBUG] debug-file - No signingConfig found, initRemoteHspCache failed.
[2025-05-15T19:21:49.204] [DEBUG] debug-file - hvigorfile, no custom plugins were found in C:\Users\lenovo\Desktop\14\BestPracticeSnippets\VideoProcessBaseWeb\hvigorfile.ts
[2025-05-15T19:21:49.224] [DEBUG] debug-file - hvigorfile, binding system plugins [Function: hapTasks]
[2025-05-15T19:21:49.242] [DEBUG] debug-file - Target 'ohosTest' config: {}
[2025-05-15T19:21:49.252] [DEBUG] debug-file - hvigorfile, no custom plugins were found in C:\Users\lenovo\Desktop\14\BestPracticeSnippets\VideoProcessBaseWeb\entry\hvigorfile.ts
[2025-05-15T19:21:49.278] [DEBUG] debug-file - entry : init cost memory 0.01178741455078125
[2025-05-15T19:21:46.522] [DEBUG] debug-file - no-daemon, use the parent process.execArgv --max-old-space-size=8192,--expose-gc
[2025-05-15T19:21:49.264] [DEBUG] debug-file - load to the disk finished
[2025-05-15T19:21:49.341] [DEBUG] debug-file - Current worker pool is stopped or closed.
[2025-05-15T19:21:49.310] [DEBUG] debug-file - Since there is no instance or instance is terminated, create a new worker pool.
[2025-05-15T19:21:49.094] [DEBUG] debug-file - End initialize project's product build option map with build mode 'debug'.
[2025-05-15T19:21:49.204] [DEBUG] debug-file - hvigorfile, resolve finished C:\Users\lenovo\Desktop\14\BestPracticeSnippets\VideoProcessBaseWeb\hvigorfile.ts
[2025-05-15T19:21:49.243] [DEBUG] debug-file - Module 'entry' target 'default' build option: {
  "debuggable": true,
  "copyFrom": "default",
  "strictMode": {
    "caseSensitiveCheck": true,
    "useNormalizedOHMUrl": true
  },
  "name": "debug"
}
[2025-05-15T19:21:49.252] [DEBUG] debug-file - hvigorfile, resolve finished C:\Users\lenovo\Desktop\14\BestPracticeSnippets\VideoProcessBaseWeb\entry\hvigorfile.ts
[2025-05-15T19:21:49.278] [DEBUG] debug-file - runTaskFromQueue task cost before running: 2 s 272 ms 
[2025-05-15T19:21:49.264] [DEBUG] debug-file - Start to initialize dependency information.
[2025-05-15T19:21:49.341] [DEBUG] debug-file - Clear worker 0.
[2025-05-15T19:21:49.310] [DEBUG] debug-file - Worker pool is initialized with config:  {
  minPoolNum: 2,
  maxPoolNum: undefined,
  maxCoreSize: undefined,
  cacheCapacity: undefined,
  cacheTtl: undefined
}
[2025-05-15T19:21:49.243] [DEBUG] debug-file - Module 'entry' target 'ohosTest' build option: {
  "debuggable": true,
  "strictMode": {
    "caseSensitiveCheck": true,
    "useNormalizedOHMUrl": true
  },
  "name": "default"
}
[2025-05-15T19:21:49.279] [INFO] debug-file - Finished :entry:init... after 1 ms 
[2025-05-15T19:21:49.266] [DEBUG] debug-file - Module VideoProcessBaseWeb Collected Dependency: 
[2025-05-15T19:21:49.341] [DEBUG] debug-file - Worker 0 has been cleared.
[2025-05-15T19:21:49.243] [DEBUG] debug-file - End initialize module-target build option map, moduleName=entry
[2025-05-15T19:21:49.279] [DEBUG] debug-file - Executing task ::init
[2025-05-15T19:21:49.266] [DEBUG] debug-file - Module VideoProcessBaseWeb's total dependency: 0
[2025-05-15T19:21:49.341] [DEBUG] debug-file - Current idle worker size: 1.
[2025-05-15T19:21:49.243] [DEBUG] debug-file - Module 'entry' target 'default' using build option: {
  "debuggable": true,
  "copyFrom": "default",
  "strictMode": {
    "caseSensitiveCheck": true,
    "useNormalizedOHMUrl": true
  },
  "name": "debug"
} in this build.
[2025-05-15T19:21:49.267] [DEBUG] debug-file - Start to initialize dependency information.
[2025-05-15T19:21:49.280] [DEBUG] debug-file - VideoProcessBaseWeb : init cost memory 0.00890350341796875
[2025-05-15T19:21:49.341] [DEBUG] debug-file - Current busy worker size: 0.
[2025-05-15T19:21:49.269] [DEBUG] debug-file - Module entry Collected Dependency: 
[2025-05-15T19:21:49.280] [DEBUG] debug-file - runTaskFromQueue task cost before running: 2 s 274 ms 
[2025-05-15T19:21:49.341] [DEBUG] debug-file - Clear worker 1.
[2025-05-15T19:21:49.269] [DEBUG] debug-file - Module entry's total dependency: 0
[2025-05-15T19:21:49.280] [INFO] debug-file - Finished ::init... after 1 ms 
[2025-05-15T19:21:49.341] [DEBUG] debug-file - Worker 1 has been cleared.
[2025-05-15T19:21:49.274] [DEBUG] debug-file - Configuration phase cost:2 s 240 ms 
[2025-05-15T19:21:49.341] [DEBUG] debug-file - Current idle worker size: 0.
[2025-05-15T19:21:49.341] [DEBUG] debug-file - Current busy worker size: 0.
[2025-05-15T19:21:49.342] [DEBUG] debug-file - hvigor build process will be closed.
[2025-05-15T19:21:49.347] [DEBUG] debug-file - worker[0] exits with exit code 0.
[2025-05-15T19:21:49.353] [DEBUG] debug-file - Current worker pool is terminated.
[2025-05-15T19:21:49.368] [DEBUG] debug-file - worker[1] exits with exit code 0.
