[2025-05-12T14:05:40.978] [DEBUG] debug-file - env: nodejsVersion=v18.20.1
[2025-05-12T14:05:41.442] [DEBUG] debug-file - Hvigor init with startParameters:{
  hvigorfileTypeCheck: false,
  parallelExecution: true,
  incrementalExecution: true,
  printStackTrace: false,
  daemon: false,
  analyze: 0,
  logLevel: Level { level: 20000, levelStr: 'INFO', colour: 'green' }
}
[2025-05-12T14:05:41.460] [DEBUG] debug-file - hvigorfile, resolving D:\git_developmentPractice\DevelopmentPractice\MultipleImage\hvigorfile.ts
[2025-05-12T14:05:42.941] [DEBUG] debug-file - hvigorfile, require result:  { default: { system: [Function: appTasks], plugins: [] } }
[2025-05-12T14:05:43.148] [DEBUG] debug-file - Start initialize project's product build option map with build mode debug.
[2025-05-12T14:05:43.153] [DEBUG] debug-file - Product 'default' using build option: {
  "debuggable": true
} in this build.
[2025-05-12T14:05:43.168] [DEBUG] debug-file - Local scan or download HarmonyOS sdk components toolchains,ets,js,native,previewer
[2025-05-12T14:05:43.172] [DEBUG] debug-file - Local scan or download hmscore sdk components toolchains,ets,native
[2025-05-12T14:05:43.180] [DEBUG] debug-file - Start recording SDK configuration permission data.
[2025-05-12T14:05:43.214] [DEBUG] debug-file - Sdk init in 51 ms 
[2025-05-12T14:05:43.240] [DEBUG] debug-file - Project task initialization takes 25 ms 
[2025-05-12T14:05:43.250] [DEBUG] debug-file - hvigorfile, resolving D:\git_developmentPractice\DevelopmentPractice\MultipleImage\entry\hvigorfile.ts
[2025-05-12T14:05:43.273] [DEBUG] debug-file - Start initialize module-target build option map, moduleName=entry, buildMode=debug
[2025-05-12T14:05:43.283] [DEBUG] debug-file - Module entry task initialization takes 6 ms 
[2025-05-12T14:05:43.340] [DEBUG] debug-file - Configuration task cost before running: 1 s 915 ms 
[2025-05-12T14:05:43.286] [DEBUG] debug-file - project has submodules:entry
[2025-05-12T14:05:43.343] [DEBUG] debug-file - Executing task :entry:clean
[2025-05-12T14:05:43.346] [DEBUG] debug-file - entry : clean cost memory 0.24472808837890625
[2025-05-12T14:05:43.362] [DEBUG] debug-file - Module 'entry' target 'default' using build option: {
  "debuggable": true,
  "copyFrom": "default",
  "name": "debug"
} in this build.
[2025-05-12T14:05:40.980] [DEBUG] debug-file - env: hvigor-config.json5 content = {
  modelVersion: '5.0.0',
  dependencies: {},
  execution: {},
  logging: {},
  debugging: {},
  nodeOptions: {}
}
[2025-05-12T14:05:41.444] [DEBUG] debug-file - Since current hvigor version 5.16.2 differs from last hvigor version 
      undefined, delete file-cache.json and task-cache.json.
[2025-05-12T14:05:43.381] [DEBUG] debug-file - Create  resident worker with id: 0.
[2025-05-12T14:05:42.942] [DEBUG] debug-file - hvigorfile, binding system plugins [Function: appTasks]
[2025-05-12T14:05:43.148] [DEBUG] debug-file - Picking option from product 'default' with build mode 'debug'.
[2025-05-12T14:05:43.154] [DEBUG] debug-file - not found resModel json file in : D:\git_developmentPractice\DevelopmentPractice\MultipleImage\entry\src\ohosTest\module.json5
[2025-05-12T14:05:43.241] [DEBUG] debug-file - hvigorfile, binding custom plugins []
[2025-05-12T14:05:43.257] [DEBUG] debug-file - hvigorfile, require result:  { default: { system: [Function: hapTasks], plugins: [] } }
[2025-05-12T14:05:43.274] [DEBUG] debug-file - Target 'default' config: {}
[2025-05-12T14:05:43.283] [DEBUG] debug-file - hvigorfile, binding custom plugins []
[2025-05-12T14:05:43.287] [DEBUG] debug-file - start to load updatedOhPackageInfo to the disk
[2025-05-12T14:05:43.343] [DEBUG] debug-file - clean: Worker pool is inactive.
[2025-05-12T14:05:43.346] [DEBUG] debug-file - runTaskFromQueue task cost before running: 1 s 921 ms 
[2025-05-12T14:05:43.366] [DEBUG] debug-file - Module 'entry' target 'ohosTest' using build option: {
  "debuggable": true,
  "name": "default"
} in this build.
[2025-05-12T14:05:40.983] [DEBUG] debug-file - env: daemon=false
[2025-05-12T14:05:41.444] [DEBUG] debug-file - Cache service initialization finished in 2 ms 
[2025-05-12T14:05:43.383] [DEBUG] debug-file - Create  resident worker with id: 1.
[2025-05-12T14:05:43.149] [DEBUG] debug-file - Product 'default' build option: {}
[2025-05-12T14:05:43.162] [DEBUG] debug-file - No signingConfig found, initRemoteHspCache failed.
[2025-05-12T14:05:43.241] [DEBUG] debug-file - hvigorfile, no custom plugins were found in D:\git_developmentPractice\DevelopmentPractice\MultipleImage\hvigorfile.ts
[2025-05-12T14:05:43.257] [DEBUG] debug-file - hvigorfile, binding system plugins [Function: hapTasks]
[2025-05-12T14:05:43.274] [DEBUG] debug-file - Target 'ohosTest' config: {}
[2025-05-12T14:05:43.283] [DEBUG] debug-file - hvigorfile, no custom plugins were found in D:\git_developmentPractice\DevelopmentPractice\MultipleImage\entry\hvigorfile.ts
[2025-05-12T14:05:43.293] [DEBUG] debug-file - load to the disk finished
[2025-05-12T14:05:43.348] [INFO] debug-file - Finished :entry:clean... after 4 ms 
[2025-05-12T14:05:43.379] [DEBUG] debug-file - Since there is no instance or instance is terminated, create a new worker pool.
[2025-05-12T14:05:40.983] [DEBUG] debug-file - no-daemon, use the parent process.execArgv --max-old-space-size=8192,--expose-gc
[2025-05-12T14:05:43.386] [DEBUG] debug-file - Current worker pool is stopped or closed.
[2025-05-12T14:05:43.149] [DEBUG] debug-file - End initialize project's product build option map with build mode 'debug'.
[2025-05-12T14:05:43.241] [DEBUG] debug-file - hvigorfile, resolve finished D:\git_developmentPractice\DevelopmentPractice\MultipleImage\hvigorfile.ts
[2025-05-12T14:05:43.274] [DEBUG] debug-file - Module 'entry' target 'default' build option: {
  "debuggable": true,
  "copyFrom": "default",
  "name": "debug"
}
[2025-05-12T14:05:43.283] [DEBUG] debug-file - hvigorfile, resolve finished D:\git_developmentPractice\DevelopmentPractice\MultipleImage\entry\hvigorfile.ts
[2025-05-12T14:05:43.295] [DEBUG] debug-file - Start to initialize dependency information.
[2025-05-12T14:05:43.348] [DEBUG] debug-file - Executing task ::clean
[2025-05-12T14:05:43.379] [DEBUG] debug-file - Worker pool is initialized with config:  {
  minPoolNum: 2,
  maxPoolNum: undefined,
  maxCoreSize: undefined,
  cacheCapacity: undefined,
  cacheTtl: undefined
}
[2025-05-12T14:05:43.386] [DEBUG] debug-file - Clear worker 0.
[2025-05-12T14:05:43.274] [DEBUG] debug-file - Module 'entry' target 'ohosTest' build option: {
  "debuggable": true,
  "name": "default"
}
[2025-05-12T14:05:43.328] [DEBUG] debug-file - Module MultipleImage Collected Dependency: 
[2025-05-12T14:05:43.348] [DEBUG] debug-file - clean: Worker pool is inactive.
[2025-05-12T14:05:43.386] [DEBUG] debug-file - Worker 0 has been cleared.
[2025-05-12T14:05:43.274] [DEBUG] debug-file - End initialize module-target build option map, moduleName=entry
[2025-05-12T14:05:43.328] [DEBUG] debug-file - Module MultipleImage's total dependency: 0
[2025-05-12T14:05:43.349] [DEBUG] debug-file - MultipleImage : clean cost memory 0.0313873291015625
[2025-05-12T14:05:43.386] [DEBUG] debug-file - Current idle worker size: 1.
[2025-05-12T14:05:43.274] [DEBUG] debug-file - Module 'entry' target 'default' using build option: {
  "debuggable": true,
  "copyFrom": "default",
  "name": "debug"
} in this build.
[2025-05-12T14:05:43.349] [DEBUG] debug-file - runTaskFromQueue task cost before running: 1 s 924 ms 
[2025-05-12T14:05:43.329] [DEBUG] debug-file - Start to initialize dependency information.
[2025-05-12T14:05:43.386] [DEBUG] debug-file - Current busy worker size: 0.
[2025-05-12T14:05:43.349] [INFO] debug-file - Finished ::clean... after 1 ms 
[2025-05-12T14:05:43.331] [DEBUG] debug-file - Module entry Collected Dependency: 
[2025-05-12T14:05:43.386] [DEBUG] debug-file - Clear worker 1.
[2025-05-12T14:05:43.349] [DEBUG] debug-file - Executing task :entry:init
[2025-05-12T14:05:43.331] [DEBUG] debug-file - Module entry's total dependency: 0
[2025-05-12T14:05:43.386] [DEBUG] debug-file - Worker 1 has been cleared.
[2025-05-12T14:05:43.349] [DEBUG] debug-file - entry : init cost memory 0.01019287109375
[2025-05-12T14:05:43.337] [DEBUG] debug-file - Configuration phase cost:1 s 886 ms 
[2025-05-12T14:05:43.386] [DEBUG] debug-file - Current idle worker size: 0.
[2025-05-12T14:05:43.349] [DEBUG] debug-file - runTaskFromQueue task cost before running: 1 s 924 ms 
[2025-05-12T14:05:43.386] [DEBUG] debug-file - Current busy worker size: 0.
[2025-05-12T14:05:43.350] [INFO] debug-file - Finished :entry:init... after 1 ms 
[2025-05-12T14:05:43.387] [DEBUG] debug-file - hvigor build process will be closed.
[2025-05-12T14:05:43.350] [DEBUG] debug-file - Executing task ::init
[2025-05-12T14:05:43.393] [DEBUG] debug-file - worker[0] exits with exit code 0.
[2025-05-12T14:05:43.350] [DEBUG] debug-file - MultipleImage : init cost memory 0.00897216796875
[2025-05-12T14:05:43.394] [DEBUG] debug-file - worker[1] exits with exit code 0.
[2025-05-12T14:05:43.350] [DEBUG] debug-file - runTaskFromQueue task cost before running: 1 s 925 ms 
[2025-05-12T14:05:43.394] [DEBUG] debug-file - Current worker pool is terminated.
[2025-05-12T14:05:43.350] [INFO] debug-file - Finished ::init... after 1 ms 
[2025-05-17T15:59:08.928] [DEBUG] debug-file - env: nodejsVersion=v18.20.1
[2025-05-17T15:59:09.375] [DEBUG] debug-file - Hvigor init with startParameters:{
  hvigorfileTypeCheck: false,
  parallelExecution: true,
  incrementalExecution: true,
  printStackTrace: false,
  daemon: false,
  analyze: 0,
  logLevel: Level { level: 20000, levelStr: 'INFO', colour: 'green' }
}
[2025-05-17T15:59:09.396] [DEBUG] debug-file - hvigorfile, resolving D:\git_developmentPractice\BestPracticeSnippets\MultipleImage\hvigorfile.ts
[2025-05-17T15:59:10.839] [DEBUG] debug-file - hvigorfile, require result:  { default: { system: [Function: appTasks], plugins: [] } }
[2025-05-17T15:59:11.038] [DEBUG] debug-file - Start initialize project's product build option map with build mode debug.
[2025-05-17T15:59:11.043] [DEBUG] debug-file - Product 'default' using build option: {
  "debuggable": true
} in this build.
[2025-05-17T15:59:11.056] [DEBUG] debug-file - Local scan or download HarmonyOS sdk components toolchains,ets,js,native,previewer
[2025-05-17T15:59:11.059] [DEBUG] debug-file - Local scan or download hmscore sdk components toolchains,ets,native
[2025-05-17T15:59:11.067] [DEBUG] debug-file - Start recording SDK configuration permission data.
[2025-05-17T15:59:11.100] [DEBUG] debug-file - Sdk init in 49 ms 
[2025-05-17T15:59:11.126] [DEBUG] debug-file - Project task initialization takes 24 ms 
[2025-05-17T15:59:11.134] [DEBUG] debug-file - hvigorfile, resolving D:\git_developmentPractice\BestPracticeSnippets\MultipleImage\entry\hvigorfile.ts
[2025-05-17T15:59:11.156] [DEBUG] debug-file - Start initialize module-target build option map, moduleName=entry, buildMode=debug
[2025-05-17T15:59:11.165] [DEBUG] debug-file - Module entry task initialization takes 5 ms 
[2025-05-17T15:59:11.195] [DEBUG] debug-file - Configuration task cost before running: 1 s 838 ms 
[2025-05-17T15:59:11.168] [DEBUG] debug-file - project has submodules:entry
[2025-05-17T15:59:11.210] [DEBUG] debug-file - Module 'entry' target 'default' using build option: {
  "debuggable": true,
  "copyFrom": "default",
  "name": "debug"
} in this build.
[2025-05-17T15:59:08.930] [DEBUG] debug-file - env: hvigor-config.json5 content = {
  modelVersion: '5.0.0',
  dependencies: {},
  execution: {},
  logging: {},
  debugging: {},
  nodeOptions: {}
}
[2025-05-17T15:59:09.378] [DEBUG] debug-file - Cache service initialization finished in 3 ms 
[2025-05-17T15:59:11.228] [DEBUG] debug-file - Create  resident worker with id: 0.
[2025-05-17T15:59:10.839] [DEBUG] debug-file - hvigorfile, binding system plugins [Function: appTasks]
[2025-05-17T15:59:11.038] [DEBUG] debug-file - Picking option from product 'default' with build mode 'debug'.
[2025-05-17T15:59:11.044] [DEBUG] debug-file - not found resModel json file in : D:\git_developmentPractice\BestPracticeSnippets\MultipleImage\entry\src\ohosTest\module.json5
[2025-05-17T15:59:11.126] [DEBUG] debug-file - hvigorfile, binding custom plugins []
[2025-05-17T15:59:11.141] [DEBUG] debug-file - hvigorfile, require result:  { default: { system: [Function: hapTasks], plugins: [] } }
[2025-05-17T15:59:11.157] [DEBUG] debug-file - Target 'default' config: {}
[2025-05-17T15:59:11.166] [DEBUG] debug-file - hvigorfile, binding custom plugins []
[2025-05-17T15:59:11.196] [DEBUG] debug-file - Executing task :entry:init
[2025-05-17T15:59:11.170] [DEBUG] debug-file - start to load updatedOhPackageInfo to the disk
[2025-05-17T15:59:11.214] [DEBUG] debug-file - Module 'entry' target 'ohosTest' using build option: {
  "debuggable": true,
  "name": "default"
} in this build.
[2025-05-17T15:59:08.932] [DEBUG] debug-file - env: daemon=false
[2025-05-17T15:59:11.230] [DEBUG] debug-file - Create  resident worker with id: 1.
[2025-05-17T15:59:11.039] [DEBUG] debug-file - Product 'default' build option: {}
[2025-05-17T15:59:11.051] [DEBUG] debug-file - No signingConfig found, initRemoteHspCache failed.
[2025-05-17T15:59:11.126] [DEBUG] debug-file - hvigorfile, no custom plugins were found in D:\git_developmentPractice\BestPracticeSnippets\MultipleImage\hvigorfile.ts
[2025-05-17T15:59:11.141] [DEBUG] debug-file - hvigorfile, binding system plugins [Function: hapTasks]
[2025-05-17T15:59:11.157] [DEBUG] debug-file - Target 'ohosTest' config: {}
[2025-05-17T15:59:11.166] [DEBUG] debug-file - hvigorfile, no custom plugins were found in D:\git_developmentPractice\BestPracticeSnippets\MultipleImage\entry\hvigorfile.ts
[2025-05-17T15:59:11.196] [DEBUG] debug-file - entry : init cost memory 0.11040496826171875
[2025-05-17T15:59:11.175] [DEBUG] debug-file - load to the disk finished
[2025-05-17T15:59:11.226] [DEBUG] debug-file - Since there is no instance or instance is terminated, create a new worker pool.
[2025-05-17T15:59:08.932] [DEBUG] debug-file - no-daemon, use the parent process.execArgv --max-old-space-size=8192,--expose-gc
[2025-05-17T15:59:11.232] [DEBUG] debug-file - Current worker pool is stopped or closed.
[2025-05-17T15:59:11.039] [DEBUG] debug-file - End initialize project's product build option map with build mode 'debug'.
[2025-05-17T15:59:11.126] [DEBUG] debug-file - hvigorfile, resolve finished D:\git_developmentPractice\BestPracticeSnippets\MultipleImage\hvigorfile.ts
[2025-05-17T15:59:11.157] [DEBUG] debug-file - Module 'entry' target 'default' build option: {
  "debuggable": true,
  "copyFrom": "default",
  "name": "debug"
}
[2025-05-17T15:59:11.166] [DEBUG] debug-file - hvigorfile, resolve finished D:\git_developmentPractice\BestPracticeSnippets\MultipleImage\entry\hvigorfile.ts
[2025-05-17T15:59:11.196] [DEBUG] debug-file - runTaskFromQueue task cost before running: 1 s 839 ms 
[2025-05-17T15:59:11.176] [DEBUG] debug-file - Start to initialize dependency information.
[2025-05-17T15:59:11.226] [DEBUG] debug-file - Worker pool is initialized with config:  {
  minPoolNum: 2,
  maxPoolNum: undefined,
  maxCoreSize: undefined,
  cacheCapacity: undefined,
  cacheTtl: undefined
}
[2025-05-17T15:59:11.233] [DEBUG] debug-file - Clear worker 0.
[2025-05-17T15:59:11.157] [DEBUG] debug-file - Module 'entry' target 'ohosTest' build option: {
  "debuggable": true,
  "name": "default"
}
[2025-05-17T15:59:11.197] [INFO] debug-file - Finished :entry:init... after 1 ms 
[2025-05-17T15:59:11.183] [DEBUG] debug-file - Module MultipleImage Collected Dependency: 
[2025-05-17T15:59:11.233] [DEBUG] debug-file - Worker 0 has been cleared.
[2025-05-17T15:59:11.157] [DEBUG] debug-file - End initialize module-target build option map, moduleName=entry
[2025-05-17T15:59:11.197] [DEBUG] debug-file - Executing task ::init
[2025-05-17T15:59:11.183] [DEBUG] debug-file - Module MultipleImage's total dependency: 0
[2025-05-17T15:59:11.233] [DEBUG] debug-file - Current idle worker size: 1.
[2025-05-17T15:59:11.158] [DEBUG] debug-file - Module 'entry' target 'default' using build option: {
  "debuggable": true,
  "copyFrom": "default",
  "name": "debug"
} in this build.
[2025-05-17T15:59:11.198] [DEBUG] debug-file - MultipleImage : init cost memory 0.00890350341796875
[2025-05-17T15:59:11.184] [DEBUG] debug-file - Start to initialize dependency information.
[2025-05-17T15:59:11.233] [DEBUG] debug-file - Current busy worker size: 0.
[2025-05-17T15:59:11.198] [DEBUG] debug-file - runTaskFromQueue task cost before running: 1 s 841 ms 
[2025-05-17T15:59:11.186] [DEBUG] debug-file - Module entry Collected Dependency: 
[2025-05-17T15:59:11.233] [DEBUG] debug-file - Clear worker 1.
[2025-05-17T15:59:11.198] [INFO] debug-file - Finished ::init... after 1 ms 
[2025-05-17T15:59:11.187] [DEBUG] debug-file - Module entry's total dependency: 0
[2025-05-17T15:59:11.233] [DEBUG] debug-file - Worker 1 has been cleared.
[2025-05-17T15:59:11.192] [DEBUG] debug-file - Configuration phase cost:1 s 806 ms 
[2025-05-17T15:59:11.233] [DEBUG] debug-file - Current idle worker size: 0.
[2025-05-17T15:59:11.233] [DEBUG] debug-file - Current busy worker size: 0.
[2025-05-17T15:59:11.234] [DEBUG] debug-file - hvigor build process will be closed.
[2025-05-17T15:59:11.240] [DEBUG] debug-file - worker[0] exits with exit code 0.
[2025-05-17T15:59:11.240] [DEBUG] debug-file - worker[1] exits with exit code 0.
[2025-05-17T15:59:11.241] [DEBUG] debug-file - Current worker pool is terminated.
